040 (3217424.000.000) 12/19 14:37:26 Started transferring input files
	Transferring to host: <188.184.211.43:9618?addrs=188.184.211.43-9618+[2001-1458-301-10b--100-146]-9618&noUDP&sock=20444_65b8_176713>
...
040 (3217424.000.000) 12/19 14:37:26 Finished transferring input files
...
040 (3217424.015.000) 12/19 14:37:26 Started transferring input files
	Transferring to host: <188.184.213.122:9618?addrs=188.184.213.122-9618+[2001-1458-301-10c--100-191]-9618&noUDP&sock=20495_54da_177450>
...
040 (3217424.015.000) 12/19 14:37:26 Finished transferring input files
...
040 (3217424.002.000) 12/19 14:37:26 Started transferring input files
	Transferring to host: <188.184.213.122:9618?addrs=188.184.213.122-9618+[2001-1458-301-10c--100-191]-9618&noUDP&sock=20495_54da_177449>
...
040 (3217424.002.000) 12/19 14:37:26 Finished transferring input files
...
040 (3217424.013.000) 12/19 14:37:26 Started transferring input files
	Transferring to host: <188.184.190.159:9618?addrs=188.184.190.159-9618+[2001-1458-301-4b--100-8a]-9618&noUDP&sock=31575_319d_175425>
...
040 (3217424.014.000) 12/19 14:37:26 Started transferring input files
	Transferring to host: <188.184.211.43:9618?addrs=188.184.211.43-9618+[2001-1458-301-10b--100-146]-9618&noUDP&sock=20444_65b8_176714>
...
040 (3217424.003.000) 12/19 14:37:26 Started transferring input files
	Transferring to host: <188.184.210.155:9618?addrs=188.184.210.155-9618+[2001-1458-301-10b--100-b8]-9618&noUDP&sock=20387_3c56_178056>
...
040 (3217424.029.000) 12/19 14:37:26 Started transferring input files
	Transferring to host: <188.184.190.159:9618?addrs=188.184.190.159-9618+[2001-1458-301-4b--100-8a]-9618&noUDP&sock=31575_319d_175426>
...
040 (3217424.013.000) 12/19 14:37:26 Finished transferring input files
...
040 (3217424.014.000) 12/19 14:37:26 Finished transferring input files
...
040 (3217424.003.000) 12/19 14:37:26 Finished transferring input files
...
040 (3217424.029.000) 12/19 14:37:26 Finished transferring input files
...
001 (3217424.000.000) 12/19 14:37:27 Job executing on host: <188.184.211.43:9618?addrs=188.184.211.43-9618+[2001-1458-301-10b--100-146]-9618&noUDP&sock=20310_8c95_3>
...
001 (3217424.015.000) 12/19 14:37:27 Job executing on host: <188.184.213.122:9618?addrs=188.184.213.122-9618+[2001-1458-301-10c--100-191]-9618&noUDP&sock=20363_e71a_3>
...
001 (3217424.002.000) 12/19 14:37:27 Job executing on host: <188.184.213.122:9618?addrs=188.184.213.122-9618+[2001-1458-301-10c--100-191]-9618&noUDP&sock=20363_e71a_3>
...
040 (3217424.016.000) 12/19 14:37:27 Started transferring input files
	Transferring to host: <188.184.213.145:9618?addrs=188.184.213.145-9618+[2001-1458-301-10c--100-179]-9618&noUDP&sock=7767_4dd5_161744>
...
040 (3217424.016.000) 12/19 14:37:27 Finished transferring input files
...
001 (3217424.003.000) 12/19 14:37:27 Job executing on host: <188.184.210.155:9618?addrs=188.184.210.155-9618+[2001-1458-301-10b--100-b8]-9618&noUDP&sock=20255_d2e0_3>
...
001 (3217424.013.000) 12/19 14:37:27 Job executing on host: <188.184.190.159:9618?addrs=188.184.190.159-9618+[2001-1458-301-4b--100-8a]-9618&noUDP&sock=5616_aff6_3>
...
001 (3217424.014.000) 12/19 14:37:27 Job executing on host: <188.184.211.43:9618?addrs=188.184.211.43-9618+[2001-1458-301-10b--100-146]-9618&noUDP&sock=20310_8c95_3>
...
040 (3217424.028.000) 12/19 14:37:27 Started transferring input files
	Transferring to host: <188.184.210.155:9618?addrs=188.184.210.155-9618+[2001-1458-301-10b--100-b8]-9618&noUDP&sock=20387_3c56_178057>
...
001 (3217424.029.000) 12/19 14:37:27 Job executing on host: <188.184.190.159:9618?addrs=188.184.190.159-9618+[2001-1458-301-4b--100-8a]-9618&noUDP&sock=5616_aff6_3>
...
040 (3217424.028.000) 12/19 14:37:27 Finished transferring input files
...
006 (3217424.000.000) 12/19 14:37:28 Image size of job updated: 442328
	0  -  MemoryUsage of job (MB)
	0  -  ResidentSetSize of job (KB)
...
006 (3217424.014.000) 12/19 14:37:28 Image size of job updated: 1085192
	0  -  MemoryUsage of job (MB)
	0  -  ResidentSetSize of job (KB)
...
005 (3217424.000.000) 12/19 14:37:28 Job terminated.
	(1) Normal termination (return value 0)
		Usr 0 00:00:00, Sys 0 00:00:00  -  Run Remote Usage
		Usr 0 00:00:00, Sys 0 00:00:00  -  Run Local Usage
		Usr 0 00:00:00, Sys 0 00:00:00  -  Total Remote Usage
		Usr 0 00:00:00, Sys 0 00:00:00  -  Total Local Usage
	0  -  Run Bytes Sent By Job
	371  -  Run Bytes Received By Job
	0  -  Total Bytes Sent By Job
	371  -  Total Bytes Received By Job
	Partitionable Resources :    Usage  Request Allocated 
	   Cpus                 :                 1           
	   Disk (KB)            :       15        1   2746830 
	   Memory (MB)          :        0     2000      2000 
...
005 (3217424.014.000) 12/19 14:37:28 Job terminated.
	(1) Normal termination (return value 0)
		Usr 0 00:00:00, Sys 0 00:00:00  -  Run Remote Usage
		Usr 0 00:00:00, Sys 0 00:00:00  -  Run Local Usage
		Usr 0 00:00:00, Sys 0 00:00:00  -  Total Remote Usage
		Usr 0 00:00:00, Sys 0 00:00:00  -  Total Local Usage
	0  -  Run Bytes Sent By Job
	371  -  Run Bytes Received By Job
	0  -  Total Bytes Sent By Job
	371  -  Total Bytes Received By Job
	Partitionable Resources :    Usage  Request Allocated 
	   Cpus                 :                 1           
	   Disk (KB)            :       15        1   2744957 
	   Memory (MB)          :        0     2000      2000 
...
001 (3217424.016.000) 12/19 14:37:28 Job executing on host: <188.184.213.145:9618?addrs=188.184.213.145-9618+[2001-1458-301-10c--100-179]-9618&noUDP&sock=5694_3059_3>
...
001 (3217424.028.000) 12/19 14:37:28 Job executing on host: <188.184.210.155:9618?addrs=188.184.210.155-9618+[2001-1458-301-10b--100-b8]-9618&noUDP&sock=20255_d2e0_3>
...
040 (3217424.017.000) 12/19 14:37:29 Started transferring input files
	Transferring to host: <188.184.212.92:9618?addrs=188.184.212.92-9618+[2001-1458-301-10c--100-4b]-9618&noUDP&sock=3834_2655_16800>
...
040 (3217424.025.000) 12/19 14:37:29 Started transferring input files
	Transferring to host: <128.142.100.44:9618?addrs=128.142.100.44-9618+[2001-1458-301-89--100-37]-9618&noUDP&sock=2432_505c_1548>
...
040 (3217424.031.000) 12/19 14:37:29 Started transferring input files
	Transferring to host: <188.184.213.145:9618?addrs=188.184.213.145-9618+[2001-1458-301-10c--100-179]-9618&noUDP&sock=7767_4dd5_161745>
...
006 (3217424.029.000) 12/19 14:37:29 Image size of job updated: 2028
	0  -  MemoryUsage of job (MB)
	0  -  ResidentSetSize of job (KB)
...
006 (3217424.013.000) 12/19 14:37:29 Image size of job updated: 2064
	0  -  MemoryUsage of job (MB)
	0  -  ResidentSetSize of job (KB)
...
040 (3217424.017.000) 12/19 14:37:29 Finished transferring input files
...
040 (3217424.025.000) 12/19 14:37:29 Finished transferring input files
...
040 (3217424.031.000) 12/19 14:37:29 Finished transferring input files
...
006 (3217424.002.000) 12/19 14:37:29 Image size of job updated: 9644
	0  -  MemoryUsage of job (MB)
	0  -  ResidentSetSize of job (KB)
...
005 (3217424.029.000) 12/19 14:37:29 Job terminated.
	(1) Normal termination (return value 0)
		Usr 0 00:00:00, Sys 0 00:00:00  -  Run Remote Usage
		Usr 0 00:00:00, Sys 0 00:00:00  -  Run Local Usage
		Usr 0 00:00:00, Sys 0 00:00:00  -  Total Remote Usage
		Usr 0 00:00:00, Sys 0 00:00:00  -  Total Local Usage
	0  -  Run Bytes Sent By Job
	371  -  Run Bytes Received By Job
	0  -  Total Bytes Sent By Job
	371  -  Total Bytes Received By Job
	Partitionable Resources :    Usage  Request Allocated 
	   Cpus                 :                 1           
	   Disk (KB)            :       15        1   2938768 
	   Memory (MB)          :        0     2000      2000 
...
006 (3217424.015.000) 12/19 14:37:29 Image size of job updated: 442724
	0  -  MemoryUsage of job (MB)
	0  -  ResidentSetSize of job (KB)
...
005 (3217424.013.000) 12/19 14:37:29 Job terminated.
	(1) Normal termination (return value 0)
		Usr 0 00:00:00, Sys 0 00:00:00  -  Run Remote Usage
		Usr 0 00:00:00, Sys 0 00:00:00  -  Run Local Usage
		Usr 0 00:00:00, Sys 0 00:00:00  -  Total Remote Usage
		Usr 0 00:00:00, Sys 0 00:00:00  -  Total Local Usage
	0  -  Run Bytes Sent By Job
	371  -  Run Bytes Received By Job
	0  -  Total Bytes Sent By Job
	371  -  Total Bytes Received By Job
	Partitionable Resources :    Usage  Request Allocated 
	   Cpus                 :                 1           
	   Disk (KB)            :       15        1   2619510 
	   Memory (MB)          :        0     2000      2000 
...
005 (3217424.002.000) 12/19 14:37:29 Job terminated.
	(1) Normal termination (return value 0)
		Usr 0 00:00:00, Sys 0 00:00:00  -  Run Remote Usage
		Usr 0 00:00:00, Sys 0 00:00:00  -  Run Local Usage
		Usr 0 00:00:00, Sys 0 00:00:00  -  Total Remote Usage
		Usr 0 00:00:00, Sys 0 00:00:00  -  Total Local Usage
	0  -  Run Bytes Sent By Job
	371  -  Run Bytes Received By Job
	0  -  Total Bytes Sent By Job
	371  -  Total Bytes Received By Job
	Partitionable Resources :    Usage  Request Allocated 
	   Cpus                 :                 1           
	   Disk (KB)            :       15        1   3003976 
	   Memory (MB)          :        0     2000      2000 
...
006 (3217424.003.000) 12/19 14:37:29 Image size of job updated: 442724
	0  -  MemoryUsage of job (MB)
	0  -  ResidentSetSize of job (KB)
...
005 (3217424.015.000) 12/19 14:37:29 Job terminated.
	(1) Normal termination (return value 0)
		Usr 0 00:00:00, Sys 0 00:00:00  -  Run Remote Usage
		Usr 0 00:00:00, Sys 0 00:00:00  -  Run Local Usage
		Usr 0 00:00:00, Sys 0 00:00:00  -  Total Remote Usage
		Usr 0 00:00:00, Sys 0 00:00:00  -  Total Local Usage
	0  -  Run Bytes Sent By Job
	371  -  Run Bytes Received By Job
	0  -  Total Bytes Sent By Job
	371  -  Total Bytes Received By Job
	Partitionable Resources :    Usage  Request Allocated 
	   Cpus                 :                 1           
	   Disk (KB)            :       15        1   2997982 
	   Memory (MB)          :        0     2000      2000 
...
006 (3217424.028.000) 12/19 14:37:29 Image size of job updated: 1087156
	0  -  MemoryUsage of job (MB)
	0  -  ResidentSetSize of job (KB)
...
005 (3217424.003.000) 12/19 14:37:29 Job terminated.
	(1) Normal termination (return value 0)
		Usr 0 00:00:00, Sys 0 00:00:00  -  Run Remote Usage
		Usr 0 00:00:00, Sys 0 00:00:00  -  Run Local Usage
		Usr 0 00:00:00, Sys 0 00:00:00  -  Total Remote Usage
		Usr 0 00:00:00, Sys 0 00:00:00  -  Total Local Usage
	0  -  Run Bytes Sent By Job
	371  -  Run Bytes Received By Job
	0  -  Total Bytes Sent By Job
	371  -  Total Bytes Received By Job
	Partitionable Resources :    Usage  Request Allocated 
	   Cpus                 :                 1           
	   Disk (KB)            :       15        1   2946673 
	   Memory (MB)          :        0     2000      2000 
...
005 (3217424.028.000) 12/19 14:37:29 Job terminated.
	(1) Normal termination (return value 0)
		Usr 0 00:00:00, Sys 0 00:00:00  -  Run Remote Usage
		Usr 0 00:00:00, Sys 0 00:00:00  -  Run Local Usage
		Usr 0 00:00:00, Sys 0 00:00:00  -  Total Remote Usage
		Usr 0 00:00:00, Sys 0 00:00:00  -  Total Local Usage
	0  -  Run Bytes Sent By Job
	371  -  Run Bytes Received By Job
	0  -  Total Bytes Sent By Job
	371  -  Total Bytes Received By Job
	Partitionable Resources :    Usage  Request Allocated 
	   Cpus                 :                 1           
	   Disk (KB)            :       15        1   2943547 
	   Memory (MB)          :        0     2000      2000 
...
006 (3217424.016.000) 12/19 14:37:30 Image size of job updated: 1
	0  -  MemoryUsage of job (MB)
	0  -  ResidentSetSize of job (KB)
...
001 (3217424.025.000) 12/19 14:37:30 Job executing on host: <128.142.100.44:9618?addrs=128.142.100.44-9618+[2001-1458-301-89--100-37]-9618&noUDP&sock=1777_73e2_3>
...
001 (3217424.017.000) 12/19 14:37:30 Job executing on host: <188.184.212.92:9618?addrs=188.184.212.92-9618+[2001-1458-301-10c--100-4b]-9618&noUDP&sock=3216_7caa_3>
...
001 (3217424.031.000) 12/19 14:37:30 Job executing on host: <188.184.213.145:9618?addrs=188.184.213.145-9618+[2001-1458-301-10c--100-179]-9618&noUDP&sock=5694_3059_3>
...
005 (3217424.016.000) 12/19 14:37:30 Job terminated.
	(1) Normal termination (return value 0)
		Usr 0 00:00:00, Sys 0 00:00:00  -  Run Remote Usage
		Usr 0 00:00:00, Sys 0 00:00:00  -  Run Local Usage
		Usr 0 00:00:00, Sys 0 00:00:00  -  Total Remote Usage
		Usr 0 00:00:00, Sys 0 00:00:00  -  Total Local Usage
	0  -  Run Bytes Sent By Job
	371  -  Run Bytes Received By Job
	0  -  Total Bytes Sent By Job
	371  -  Total Bytes Received By Job
	Partitionable Resources :    Usage  Request Allocated 
	   Cpus                 :                 1           
	   Disk (KB)            :       15        1   3005455 
	   Memory (MB)          :        0     2000      2000 
...
006 (3217424.031.000) 12/19 14:37:31 Image size of job updated: 1
	0  -  MemoryUsage of job (MB)
	0  -  ResidentSetSize of job (KB)
...
005 (3217424.031.000) 12/19 14:37:31 Job terminated.
	(1) Normal termination (return value 0)
		Usr 0 00:00:00, Sys 0 00:00:00  -  Run Remote Usage
		Usr 0 00:00:00, Sys 0 00:00:00  -  Run Local Usage
		Usr 0 00:00:00, Sys 0 00:00:00  -  Total Remote Usage
		Usr 0 00:00:00, Sys 0 00:00:00  -  Total Local Usage
	0  -  Run Bytes Sent By Job
	371  -  Run Bytes Received By Job
	0  -  Total Bytes Sent By Job
	371  -  Total Bytes Received By Job
	Partitionable Resources :    Usage  Request Allocated 
	   Cpus                 :                 1           
	   Disk (KB)            :       15        1   3005399 
	   Memory (MB)          :        0     2000      2000 
...
040 (3217424.005.000) 12/19 14:37:31 Started transferring input files
	Transferring to host: <188.184.190.159:9618?addrs=188.184.190.159-9618+[2001-1458-301-4b--100-8a]-9618&noUDP&sock=31575_319d_175427>
...
006 (3217424.017.000) 12/19 14:37:31 Image size of job updated: 1
	0  -  MemoryUsage of job (MB)
	0  -  ResidentSetSize of job (KB)
...
040 (3217424.005.000) 12/19 14:37:31 Finished transferring input files
...
005 (3217424.017.000) 12/19 14:37:31 Job terminated.
	(1) Normal termination (return value 0)
		Usr 0 00:00:00, Sys 0 00:00:00  -  Run Remote Usage
		Usr 0 00:00:00, Sys 0 00:00:00  -  Run Local Usage
		Usr 0 00:00:00, Sys 0 00:00:00  -  Total Remote Usage
		Usr 0 00:00:00, Sys 0 00:00:00  -  Total Local Usage
	0  -  Run Bytes Sent By Job
	371  -  Run Bytes Received By Job
	0  -  Total Bytes Sent By Job
	371  -  Total Bytes Received By Job
	Partitionable Resources :    Usage  Request Allocated 
	   Cpus                 :                 1           
	   Disk (KB)            :       15        1   3402976 
	   Memory (MB)          :        0     2000      2000 
...
040 (3217424.006.000) 12/19 14:37:32 Started transferring input files
	Transferring to host: <128.142.100.44:9618?addrs=128.142.100.44-9618+[2001-1458-301-89--100-37]-9618&noUDP&sock=2432_505c_1549>
...
001 (3217424.005.000) 12/19 14:37:32 Job executing on host: <188.184.190.159:9618?addrs=188.184.190.159-9618+[2001-1458-301-4b--100-8a]-9618&noUDP&sock=5616_aff6_3>
...
040 (3217424.006.000) 12/19 14:37:32 Finished transferring input files
...
006 (3217424.025.000) 12/19 14:37:32 Image size of job updated: 442724
	0  -  MemoryUsage of job (MB)
	0  -  ResidentSetSize of job (KB)
...
040 (3217424.004.000) 12/19 14:37:32 Started transferring input files
	Transferring to host: <188.184.212.92:9618?addrs=188.184.212.92-9618+[2001-1458-301-10c--100-4b]-9618&noUDP&sock=3834_2655_16801>
...
040 (3217424.004.000) 12/19 14:37:32 Finished transferring input files
...
005 (3217424.025.000) 12/19 14:37:32 Job terminated.
	(1) Normal termination (return value 0)
		Usr 0 00:00:00, Sys 0 00:00:00  -  Run Remote Usage
		Usr 0 00:00:00, Sys 0 00:00:00  -  Run Local Usage
		Usr 0 00:00:00, Sys 0 00:00:00  -  Total Remote Usage
		Usr 0 00:00:00, Sys 0 00:00:00  -  Total Local Usage
	0  -  Run Bytes Sent By Job
	371  -  Run Bytes Received By Job
	0  -  Total Bytes Sent By Job
	371  -  Total Bytes Received By Job
	Partitionable Resources :    Usage  Request Allocated 
	   Cpus                 :                 1           
	   Disk (KB)            :       15        1   2099939 
	   Memory (MB)          :        0     2000      2000 
...
006 (3217424.005.000) 12/19 14:37:33 Image size of job updated: 1
	0  -  MemoryUsage of job (MB)
	0  -  ResidentSetSize of job (KB)
...
005 (3217424.005.000) 12/19 14:37:33 Job terminated.
	(1) Normal termination (return value 0)
		Usr 0 00:00:00, Sys 0 00:00:00  -  Run Remote Usage
		Usr 0 00:00:00, Sys 0 00:00:00  -  Run Local Usage
		Usr 0 00:00:00, Sys 0 00:00:00  -  Total Remote Usage
		Usr 0 00:00:00, Sys 0 00:00:00  -  Total Local Usage
	0  -  Run Bytes Sent By Job
	371  -  Run Bytes Received By Job
	0  -  Total Bytes Sent By Job
	371  -  Total Bytes Received By Job
	Partitionable Resources :    Usage  Request Allocated 
	   Cpus                 :                 1           
	   Disk (KB)            :       15        1   2938768 
	   Memory (MB)          :        0     2000      2000 
...
001 (3217424.006.000) 12/19 14:37:33 Job executing on host: <128.142.100.44:9618?addrs=128.142.100.44-9618+[2001-1458-301-89--100-37]-9618&noUDP&sock=1777_73e2_3>
...
001 (3217424.004.000) 12/19 14:37:33 Job executing on host: <188.184.212.92:9618?addrs=188.184.212.92-9618+[2001-1458-301-10c--100-4b]-9618&noUDP&sock=3216_7caa_3>
...
006 (3217424.006.000) 12/19 14:37:34 Image size of job updated: 1087524
	0  -  MemoryUsage of job (MB)
	0  -  ResidentSetSize of job (KB)
...
006 (3217424.004.000) 12/19 14:37:34 Image size of job updated: 1
	0  -  MemoryUsage of job (MB)
	0  -  ResidentSetSize of job (KB)
...
040 (3217424.009.000) 12/19 14:37:34 Started transferring input files
	Transferring to host: <188.184.190.159:9618?addrs=188.184.190.159-9618+[2001-1458-301-4b--100-8a]-9618&noUDP&sock=31575_319d_175428>
...
005 (3217424.006.000) 12/19 14:37:34 Job terminated.
	(1) Normal termination (return value 0)
		Usr 0 00:00:00, Sys 0 00:00:00  -  Run Remote Usage
		Usr 0 00:00:00, Sys 0 00:00:00  -  Run Local Usage
		Usr 0 00:00:00, Sys 0 00:00:00  -  Total Remote Usage
		Usr 0 00:00:00, Sys 0 00:00:00  -  Total Local Usage
	0  -  Run Bytes Sent By Job
	371  -  Run Bytes Received By Job
	0  -  Total Bytes Sent By Job
	371  -  Total Bytes Received By Job
	Partitionable Resources :    Usage  Request Allocated 
	   Cpus                 :                 1           
	   Disk (KB)            :       15        1   2099877 
	   Memory (MB)          :        0     2000      2000 
...
005 (3217424.004.000) 12/19 14:37:34 Job terminated.
	(1) Normal termination (return value 0)
		Usr 0 00:00:00, Sys 0 00:00:00  -  Run Remote Usage
		Usr 0 00:00:00, Sys 0 00:00:00  -  Run Local Usage
		Usr 0 00:00:00, Sys 0 00:00:00  -  Total Remote Usage
		Usr 0 00:00:00, Sys 0 00:00:00  -  Total Local Usage
	0  -  Run Bytes Sent By Job
	371  -  Run Bytes Received By Job
	0  -  Total Bytes Sent By Job
	371  -  Total Bytes Received By Job
	Partitionable Resources :    Usage  Request Allocated 
	   Cpus                 :                 1           
	   Disk (KB)            :       15        1   2938140 
	   Memory (MB)          :        0     2000      2000 
...
040 (3217424.009.000) 12/19 14:37:34 Finished transferring input files
...
040 (3217424.011.000) 12/19 14:37:35 Started transferring input files
	Transferring to host: <128.142.100.44:9618?addrs=128.142.100.44-9618+[2001-1458-301-89--100-37]-9618&noUDP&sock=2432_505c_1550>
...
040 (3217424.011.000) 12/19 14:37:35 Finished transferring input files
...
040 (3217424.019.000) 12/19 14:37:35 Started transferring input files
	Transferring to host: <188.184.190.159:9618?addrs=188.184.190.159-9618+[2001-1458-301-4b--100-8a]-9618&noUDP&sock=31575_319d_175429>
...
001 (3217424.009.000) 12/19 14:37:35 Job executing on host: <188.184.190.159:9618?addrs=188.184.190.159-9618+[2001-1458-301-4b--100-8a]-9618&noUDP&sock=5616_aff6_3>
...
040 (3217424.019.000) 12/19 14:37:35 Finished transferring input files
...
001 (3217424.011.000) 12/19 14:37:36 Job executing on host: <128.142.100.44:9618?addrs=128.142.100.44-9618+[2001-1458-301-89--100-37]-9618&noUDP&sock=1777_73e2_3>
...
006 (3217424.009.000) 12/19 14:37:36 Image size of job updated: 1
	0  -  MemoryUsage of job (MB)
	0  -  ResidentSetSize of job (KB)
...
001 (3217424.019.000) 12/19 14:37:36 Job executing on host: <188.184.190.159:9618?addrs=188.184.190.159-9618+[2001-1458-301-4b--100-8a]-9618&noUDP&sock=5616_aff6_3>
...
040 (3217424.020.000) 12/19 14:37:36 Started transferring input files
	Transferring to host: <188.184.190.159:9618?addrs=188.184.190.159-9618+[2001-1458-301-4b--100-8a]-9618&noUDP&sock=31575_319d_175430>
...
006 (3217424.011.000) 12/19 14:37:36 Image size of job updated: 22688
	0  -  MemoryUsage of job (MB)
	0  -  ResidentSetSize of job (KB)
...
005 (3217424.009.000) 12/19 14:37:37 Job terminated.
	(1) Normal termination (return value 0)
		Usr 0 00:00:00, Sys 0 00:00:00  -  Run Remote Usage
		Usr 0 00:00:00, Sys 0 00:00:00  -  Run Local Usage
		Usr 0 00:00:00, Sys 0 00:00:00  -  Total Remote Usage
		Usr 0 00:00:00, Sys 0 00:00:00  -  Total Local Usage
	0  -  Run Bytes Sent By Job
	371  -  Run Bytes Received By Job
	0  -  Total Bytes Sent By Job
	371  -  Total Bytes Received By Job
	Partitionable Resources :    Usage  Request Allocated 
	   Cpus                 :                 1           
	   Disk (KB)            :       15        1   2938768 
	   Memory (MB)          :        0     2000      2000 
...
006 (3217424.019.000) 12/19 14:37:37 Image size of job updated: 1
	0  -  MemoryUsage of job (MB)
	0  -  ResidentSetSize of job (KB)
...
040 (3217424.020.000) 12/19 14:37:37 Finished transferring input files
...
005 (3217424.011.000) 12/19 14:37:37 Job terminated.
	(1) Normal termination (return value 0)
		Usr 0 00:00:00, Sys 0 00:00:00  -  Run Remote Usage
		Usr 0 00:00:00, Sys 0 00:00:00  -  Run Local Usage
		Usr 0 00:00:00, Sys 0 00:00:00  -  Total Remote Usage
		Usr 0 00:00:00, Sys 0 00:00:00  -  Total Local Usage
	0  -  Run Bytes Sent By Job
	371  -  Run Bytes Received By Job
	0  -  Total Bytes Sent By Job
	371  -  Total Bytes Received By Job
	Partitionable Resources :    Usage  Request Allocated 
	   Cpus                 :                 1           
	   Disk (KB)            :       15        1   2099877 
	   Memory (MB)          :        0     2000      2000 
...
005 (3217424.019.000) 12/19 14:37:37 Job terminated.
	(1) Normal termination (return value 0)
		Usr 0 00:00:00, Sys 0 00:00:00  -  Run Remote Usage
		Usr 0 00:00:00, Sys 0 00:00:00  -  Run Local Usage
		Usr 0 00:00:00, Sys 0 00:00:00  -  Total Remote Usage
		Usr 0 00:00:00, Sys 0 00:00:00  -  Total Local Usage
	0  -  Run Bytes Sent By Job
	371  -  Run Bytes Received By Job
	0  -  Total Bytes Sent By Job
	371  -  Total Bytes Received By Job
	Partitionable Resources :    Usage  Request Allocated 
	   Cpus                 :                 1           
	   Disk (KB)            :       15        1   2938768 
	   Memory (MB)          :        0     2000      2000 
...
001 (3217424.020.000) 12/19 14:37:37 Job executing on host: <188.184.190.159:9618?addrs=188.184.190.159-9618+[2001-1458-301-4b--100-8a]-9618&noUDP&sock=5616_aff6_3>
...
006 (3217424.020.000) 12/19 14:37:38 Image size of job updated: 4344
	0  -  MemoryUsage of job (MB)
	0  -  ResidentSetSize of job (KB)
...
005 (3217424.020.000) 12/19 14:37:38 Job terminated.
	(1) Normal termination (return value 0)
		Usr 0 00:00:00, Sys 0 00:00:00  -  Run Remote Usage
		Usr 0 00:00:00, Sys 0 00:00:00  -  Run Local Usage
		Usr 0 00:00:00, Sys 0 00:00:00  -  Total Remote Usage
		Usr 0 00:00:00, Sys 0 00:00:00  -  Total Local Usage
	0  -  Run Bytes Sent By Job
	371  -  Run Bytes Received By Job
	0  -  Total Bytes Sent By Job
	371  -  Total Bytes Received By Job
	Partitionable Resources :    Usage  Request Allocated 
	   Cpus                 :                 1           
	   Disk (KB)            :       15        1   2938768 
	   Memory (MB)          :        0     2000      2000 
...
040 (3217424.024.000) 12/19 14:37:43 Started transferring input files
	Transferring to host: <188.184.211.43:9618?addrs=188.184.211.43-9618+[2001-1458-301-10b--100-146]-9618&noUDP&sock=20444_65b8_176715>
...
040 (3217424.024.000) 12/19 14:37:43 Finished transferring input files
...
001 (3217424.024.000) 12/19 14:37:44 Job executing on host: <188.184.211.43:9618?addrs=188.184.211.43-9618+[2001-1458-301-10b--100-146]-9618&noUDP&sock=20310_8c95_3>
...
022 (3217424.012.000) 12/19 14:37:45 Job disconnected, attempting to reconnect
    Socket between submit and execute hosts closed unexpectedly
    Trying to reconnect to slot1_11@b7g24n0042.cern.ch <188.184.212.42:9618?addrs=188.184.212.42-9618+[2001-1458-301-10c--100-19]-9618&noUDP&sock=20525_0572_3>
...
040 (3217424.033.000) 12/19 14:37:45 Started transferring input files
	Transferring to host: <188.184.213.145:9618?addrs=188.184.213.145-9618+[2001-1458-301-10c--100-179]-9618&noUDP&sock=7767_4dd5_161746>
...
024 (3217424.012.000) 12/19 14:37:45 Job reconnection failed
    Job not found at execution machine
    Can not reconnect to slot1_11@b7g24n0042.cern.ch, rescheduling job
...
040 (3217424.033.000) 12/19 14:37:45 Finished transferring input files
...
006 (3217424.024.000) 12/19 14:37:45 Image size of job updated: 1
	0  -  MemoryUsage of job (MB)
	0  -  ResidentSetSize of job (KB)
...
005 (3217424.024.000) 12/19 14:37:45 Job terminated.
	(1) Normal termination (return value 0)
		Usr 0 00:00:00, Sys 0 00:00:00  -  Run Remote Usage
		Usr 0 00:00:00, Sys 0 00:00:00  -  Run Local Usage
		Usr 0 00:00:00, Sys 0 00:00:00  -  Total Remote Usage
		Usr 0 00:00:00, Sys 0 00:00:00  -  Total Local Usage
	0  -  Run Bytes Sent By Job
	371  -  Run Bytes Received By Job
	0  -  Total Bytes Sent By Job
	371  -  Total Bytes Received By Job
	Partitionable Resources :    Usage  Request Allocated 
	   Cpus                 :                 1           
	   Disk (KB)            :       15        1   2746830 
	   Memory (MB)          :        0     2000      2000 
...
040 (3217424.021.000) 12/19 14:37:45 Started transferring input files
	Transferring to host: <188.184.190.159:9618?addrs=188.184.190.159-9618+[2001-1458-301-4b--100-8a]-9618&noUDP&sock=31575_319d_175431>
...
040 (3217424.021.000) 12/19 14:37:45 Finished transferring input files
...
040 (3217424.034.000) 12/19 14:37:45 Started transferring input files
	Transferring to host: <188.184.213.145:9618?addrs=188.184.213.145-9618+[2001-1458-301-10c--100-179]-9618&noUDP&sock=7767_4dd5_161747>
...
040 (3217424.034.000) 12/19 14:37:46 Finished transferring input files
...
001 (3217424.033.000) 12/19 14:37:46 Job executing on host: <188.184.213.145:9618?addrs=188.184.213.145-9618+[2001-1458-301-10c--100-179]-9618&noUDP&sock=5694_3059_3>
...
001 (3217424.021.000) 12/19 14:37:47 Job executing on host: <188.184.190.159:9618?addrs=188.184.190.159-9618+[2001-1458-301-4b--100-8a]-9618&noUDP&sock=5616_aff6_3>
...
001 (3217424.034.000) 12/19 14:37:47 Job executing on host: <188.184.213.145:9618?addrs=188.184.213.145-9618+[2001-1458-301-10c--100-179]-9618&noUDP&sock=5694_3059_3>
...
006 (3217424.033.000) 12/19 14:37:47 Image size of job updated: 1070728
	0  -  MemoryUsage of job (MB)
	0  -  ResidentSetSize of job (KB)
...
005 (3217424.033.000) 12/19 14:37:47 Job terminated.
	(1) Normal termination (return value 0)
		Usr 0 00:00:00, Sys 0 00:00:00  -  Run Remote Usage
		Usr 0 00:00:00, Sys 0 00:00:00  -  Run Local Usage
		Usr 0 00:00:00, Sys 0 00:00:00  -  Total Remote Usage
		Usr 0 00:00:00, Sys 0 00:00:00  -  Total Local Usage
	0  -  Run Bytes Sent By Job
	371  -  Run Bytes Received By Job
	0  -  Total Bytes Sent By Job
	371  -  Total Bytes Received By Job
	Partitionable Resources :    Usage  Request Allocated 
	   Cpus                 :                 1           
	   Disk (KB)            :       16        1   3005455 
	   Memory (MB)          :        0     2000      2000 
...
006 (3217424.021.000) 12/19 14:37:47 Image size of job updated: 1
	0  -  MemoryUsage of job (MB)
	0  -  ResidentSetSize of job (KB)
...
005 (3217424.021.000) 12/19 14:37:48 Job terminated.
	(1) Normal termination (return value 0)
		Usr 0 00:00:00, Sys 0 00:00:00  -  Run Remote Usage
		Usr 0 00:00:00, Sys 0 00:00:00  -  Run Local Usage
		Usr 0 00:00:00, Sys 0 00:00:00  -  Total Remote Usage
		Usr 0 00:00:00, Sys 0 00:00:00  -  Total Local Usage
	0  -  Run Bytes Sent By Job
	371  -  Run Bytes Received By Job
	0  -  Total Bytes Sent By Job
	371  -  Total Bytes Received By Job
	Partitionable Resources :    Usage  Request Allocated 
	   Cpus                 :                 1           
	   Disk (KB)            :       16        1   2938768 
	   Memory (MB)          :        0     2000      2000 
...
006 (3217424.034.000) 12/19 14:37:48 Image size of job updated: 442724
	0  -  MemoryUsage of job (MB)
	0  -  ResidentSetSize of job (KB)
...
005 (3217424.034.000) 12/19 14:37:48 Job terminated.
	(1) Normal termination (return value 0)
		Usr 0 00:00:00, Sys 0 00:00:00  -  Run Remote Usage
		Usr 0 00:00:00, Sys 0 00:00:00  -  Run Local Usage
		Usr 0 00:00:00, Sys 0 00:00:00  -  Total Remote Usage
		Usr 0 00:00:00, Sys 0 00:00:00  -  Total Local Usage
	0  -  Run Bytes Sent By Job
	371  -  Run Bytes Received By Job
	0  -  Total Bytes Sent By Job
	371  -  Total Bytes Received By Job
	Partitionable Resources :    Usage  Request Allocated 
	   Cpus                 :                 1           
	   Disk (KB)            :       16        1   3005399 
	   Memory (MB)          :        0     2000      2000 
...
040 (3217424.032.000) 12/19 14:37:48 Started transferring input files
	Transferring to host: <188.184.139.102:9618?addrs=188.184.139.102-9618+[2001-1458-301-45--100-159]-9618&noUDP&sock=16113_d0e8_177373>
...
040 (3217424.032.000) 12/19 14:37:49 Finished transferring input files
...
022 (3217424.030.000) 12/19 14:37:49 Job disconnected, attempting to reconnect
    Socket between submit and execute hosts closed unexpectedly
    Trying to reconnect to slot1_12@b7g24n0042.cern.ch <188.184.212.42:9618?addrs=188.184.212.42-9618+[2001-1458-301-10c--100-19]-9618&noUDP&sock=20525_0572_3>
...
024 (3217424.030.000) 12/19 14:37:49 Job reconnection failed
    Job not found at execution machine
    Can not reconnect to slot1_12@b7g24n0042.cern.ch, rescheduling job
...
040 (3217424.010.000) 12/19 14:37:49 Started transferring input files
	Transferring to host: <188.184.139.102:9618?addrs=188.184.139.102-9618+[2001-1458-301-45--100-159]-9618&noUDP&sock=16113_d0e8_177372>
...
040 (3217424.010.000) 12/19 14:37:49 Finished transferring input files
...
001 (3217424.032.000) 12/19 14:37:50 Job executing on host: <188.184.139.102:9618?addrs=188.184.139.102-9618+[2001-1458-301-45--100-159]-9618&noUDP&sock=5608_3334_3>
...
001 (3217424.010.000) 12/19 14:37:50 Job executing on host: <188.184.139.102:9618?addrs=188.184.139.102-9618+[2001-1458-301-45--100-159]-9618&noUDP&sock=5608_3334_3>
...
040 (3217424.008.000) 12/19 14:37:51 Started transferring input files
	Transferring to host: <128.142.100.38:9618?addrs=128.142.100.38-9618+[2001-1458-301-89--100-1f]-9618&noUDP&sock=2433_04bc_1147>
...
040 (3217424.001.000) 12/19 14:37:51 Started transferring input files
	Transferring to host: <128.142.100.38:9618?addrs=128.142.100.38-9618+[2001-1458-301-89--100-1f]-9618&noUDP&sock=2433_04bc_1146>
...
040 (3217424.023.000) 12/19 14:37:51 Started transferring input files
	Transferring to host: <128.142.100.38:9618?addrs=128.142.100.38-9618+[2001-1458-301-89--100-1f]-9618&noUDP&sock=2433_04bc_1145>
...
040 (3217424.008.000) 12/19 14:37:51 Finished transferring input files
...
040 (3217424.001.000) 12/19 14:37:51 Finished transferring input files
...
040 (3217424.023.000) 12/19 14:37:51 Finished transferring input files
...
001 (3217424.008.000) 12/19 14:37:52 Job executing on host: <128.142.100.38:9618?addrs=128.142.100.38-9618+[2001-1458-301-89--100-1f]-9618&noUDP&sock=1786_a03c_3>
...
006 (3217424.032.000) 12/19 14:37:52 Image size of job updated: 9644
	0  -  MemoryUsage of job (MB)
	0  -  ResidentSetSize of job (KB)
...
006 (3217424.010.000) 12/19 14:37:52 Image size of job updated: 9652
	0  -  MemoryUsage of job (MB)
	0  -  ResidentSetSize of job (KB)
...
001 (3217424.023.000) 12/19 14:37:52 Job executing on host: <128.142.100.38:9618?addrs=128.142.100.38-9618+[2001-1458-301-89--100-1f]-9618&noUDP&sock=1786_a03c_3>
...
040 (3217424.026.000) 12/19 14:37:52 Started transferring input files
	Transferring to host: <128.142.100.107:9618?addrs=128.142.100.107-9618+[2001-1458-301-89--100-5d]-9618&noUDP&sock=2300_4ed7_1426>
...
001 (3217424.001.000) 12/19 14:37:52 Job executing on host: <128.142.100.38:9618?addrs=128.142.100.38-9618+[2001-1458-301-89--100-1f]-9618&noUDP&sock=1786_a03c_3>
...
005 (3217424.032.000) 12/19 14:37:53 Job terminated.
	(1) Normal termination (return value 0)
		Usr 0 00:00:00, Sys 0 00:00:00  -  Run Remote Usage
		Usr 0 00:00:00, Sys 0 00:00:00  -  Run Local Usage
		Usr 0 00:00:00, Sys 0 00:00:00  -  Total Remote Usage
		Usr 0 00:00:00, Sys 0 00:00:00  -  Total Local Usage
	0  -  Run Bytes Sent By Job
	371  -  Run Bytes Received By Job
	0  -  Total Bytes Sent By Job
	371  -  Total Bytes Received By Job
	Partitionable Resources :    Usage  Request Allocated 
	   Cpus                 :                 1           
	   Disk (KB)            :       15        1   2989041 
	   Memory (MB)          :        0     2000      2000 
...
040 (3217424.026.000) 12/19 14:37:53 Finished transferring input files
...
005 (3217424.010.000) 12/19 14:37:53 Job terminated.
	(1) Normal termination (return value 0)
		Usr 0 00:00:00, Sys 0 00:00:00  -  Run Remote Usage
		Usr 0 00:00:00, Sys 0 00:00:00  -  Run Local Usage
		Usr 0 00:00:00, Sys 0 00:00:00  -  Total Remote Usage
		Usr 0 00:00:00, Sys 0 00:00:00  -  Total Local Usage
	0  -  Run Bytes Sent By Job
	371  -  Run Bytes Received By Job
	0  -  Total Bytes Sent By Job
	371  -  Total Bytes Received By Job
	Partitionable Resources :    Usage  Request Allocated 
	   Cpus                 :                 1           
	   Disk (KB)            :       15        1   2989118 
	   Memory (MB)          :        0     2000      2000 
...
040 (3217424.007.000) 12/19 14:37:53 Started transferring input files
	Transferring to host: <128.142.100.107:9618?addrs=128.142.100.107-9618+[2001-1458-301-89--100-5d]-9618&noUDP&sock=2300_4ed7_1427>
...
001 (3217424.026.000) 12/19 14:37:54 Job executing on host: <128.142.100.107:9618?addrs=128.142.100.107-9618+[2001-1458-301-89--100-5d]-9618&noUDP&sock=1778_237a_3>
...
040 (3217424.018.000) 12/19 14:37:54 Started transferring input files
	Transferring to host: <128.142.100.107:9618?addrs=128.142.100.107-9618+[2001-1458-301-89--100-5d]-9618&noUDP&sock=2300_4ed7_1428>
...
040 (3217424.007.000) 12/19 14:37:54 Finished transferring input files
...
040 (3217424.018.000) 12/19 14:37:55 Finished transferring input files
...
001 (3217424.007.000) 12/19 14:37:55 Job executing on host: <128.142.100.107:9618?addrs=128.142.100.107-9618+[2001-1458-301-89--100-5d]-9618&noUDP&sock=1778_237a_3>
...
006 (3217424.026.000) 12/19 14:37:55 Image size of job updated: 1
	0  -  MemoryUsage of job (MB)
	0  -  ResidentSetSize of job (KB)
...
001 (3217424.018.000) 12/19 14:37:55 Job executing on host: <128.142.100.107:9618?addrs=128.142.100.107-9618+[2001-1458-301-89--100-5d]-9618&noUDP&sock=1778_237a_3>
...
005 (3217424.026.000) 12/19 14:37:55 Job terminated.
	(1) Normal termination (return value 0)
		Usr 0 00:00:00, Sys 0 00:00:00  -  Run Remote Usage
		Usr 0 00:00:00, Sys 0 00:00:00  -  Run Local Usage
		Usr 0 00:00:00, Sys 0 00:00:00  -  Total Remote Usage
		Usr 0 00:00:00, Sys 0 00:00:00  -  Total Local Usage
	0  -  Run Bytes Sent By Job
	371  -  Run Bytes Received By Job
	0  -  Total Bytes Sent By Job
	371  -  Total Bytes Received By Job
	Partitionable Resources :    Usage  Request Allocated 
	   Cpus                 :                 1           
	   Disk (KB)            :       15        1   2116417 
	   Memory (MB)          :        0     2000      2000 
...
006 (3217424.001.000) 12/19 14:37:55 Image size of job updated: 10908
	0  -  MemoryUsage of job (MB)
	0  -  ResidentSetSize of job (KB)
...
006 (3217424.008.000) 12/19 14:37:55 Image size of job updated: 9688
	0  -  MemoryUsage of job (MB)
	0  -  ResidentSetSize of job (KB)
...
006 (3217424.023.000) 12/19 14:37:55 Image size of job updated: 9668
	0  -  MemoryUsage of job (MB)
	0  -  ResidentSetSize of job (KB)
...
005 (3217424.008.000) 12/19 14:37:55 Job terminated.
	(1) Normal termination (return value 0)
		Usr 0 00:00:00, Sys 0 00:00:00  -  Run Remote Usage
		Usr 0 00:00:00, Sys 0 00:00:00  -  Run Local Usage
		Usr 0 00:00:00, Sys 0 00:00:00  -  Total Remote Usage
		Usr 0 00:00:00, Sys 0 00:00:00  -  Total Local Usage
	0  -  Run Bytes Sent By Job
	371  -  Run Bytes Received By Job
	0  -  Total Bytes Sent By Job
	371  -  Total Bytes Received By Job
	Partitionable Resources :    Usage  Request Allocated 
	   Cpus                 :                 1           
	   Disk (KB)            :       15        1   2133578 
	   Memory (MB)          :        0     2000      2000 
...
005 (3217424.023.000) 12/19 14:37:55 Job terminated.
	(1) Normal termination (return value 0)
		Usr 0 00:00:00, Sys 0 00:00:00  -  Run Remote Usage
		Usr 0 00:00:00, Sys 0 00:00:00  -  Run Local Usage
		Usr 0 00:00:00, Sys 0 00:00:00  -  Total Remote Usage
		Usr 0 00:00:00, Sys 0 00:00:00  -  Total Local Usage
	0  -  Run Bytes Sent By Job
	371  -  Run Bytes Received By Job
	0  -  Total Bytes Sent By Job
	371  -  Total Bytes Received By Job
	Partitionable Resources :    Usage  Request Allocated 
	   Cpus                 :                 1           
	   Disk (KB)            :       15        1   2133610 
	   Memory (MB)          :        0     2000      2000 
...
005 (3217424.001.000) 12/19 14:37:55 Job terminated.
	(1) Normal termination (return value 0)
		Usr 0 00:00:00, Sys 0 00:00:00  -  Run Remote Usage
		Usr 0 00:00:00, Sys 0 00:00:00  -  Run Local Usage
		Usr 0 00:00:00, Sys 0 00:00:00  -  Total Remote Usage
		Usr 0 00:00:00, Sys 0 00:00:00  -  Total Local Usage
	0  -  Run Bytes Sent By Job
	371  -  Run Bytes Received By Job
	0  -  Total Bytes Sent By Job
	371  -  Total Bytes Received By Job
	Partitionable Resources :    Usage  Request Allocated 
	   Cpus                 :                 1           
	   Disk (KB)            :       15        1   2133578 
	   Memory (MB)          :        0     2000      2000 
...
006 (3217424.007.000) 12/19 14:37:56 Image size of job updated: 438136
	0  -  MemoryUsage of job (MB)
	0  -  ResidentSetSize of job (KB)
...
005 (3217424.007.000) 12/19 14:37:56 Job terminated.
	(1) Normal termination (return value 0)
		Usr 0 00:00:00, Sys 0 00:00:00  -  Run Remote Usage
		Usr 0 00:00:00, Sys 0 00:00:00  -  Run Local Usage
		Usr 0 00:00:00, Sys 0 00:00:00  -  Total Remote Usage
		Usr 0 00:00:00, Sys 0 00:00:00  -  Total Local Usage
	0  -  Run Bytes Sent By Job
	371  -  Run Bytes Received By Job
	0  -  Total Bytes Sent By Job
	371  -  Total Bytes Received By Job
	Partitionable Resources :    Usage  Request Allocated 
	   Cpus                 :                 1           
	   Disk (KB)            :       15        1   2116416 
	   Memory (MB)          :        0     2000      2000 
...
006 (3217424.018.000) 12/19 14:37:56 Image size of job updated: 1070880
	0  -  MemoryUsage of job (MB)
	0  -  ResidentSetSize of job (KB)
...
005 (3217424.018.000) 12/19 14:37:56 Job terminated.
	(1) Normal termination (return value 0)
		Usr 0 00:00:00, Sys 0 00:00:00  -  Run Remote Usage
		Usr 0 00:00:00, Sys 0 00:00:00  -  Run Local Usage
		Usr 0 00:00:00, Sys 0 00:00:00  -  Total Remote Usage
		Usr 0 00:00:00, Sys 0 00:00:00  -  Total Local Usage
	0  -  Run Bytes Sent By Job
	371  -  Run Bytes Received By Job
	0  -  Total Bytes Sent By Job
	371  -  Total Bytes Received By Job
	Partitionable Resources :    Usage  Request Allocated 
	   Cpus                 :                 1           
	   Disk (KB)            :       15        1   2116416 
	   Memory (MB)          :        0     2000      2000 
...
040 (3217424.022.000) 12/19 14:38:07 Started transferring input files
	Transferring to host: <188.184.211.43:9618?addrs=188.184.211.43-9618+[2001-1458-301-10b--100-146]-9618&noUDP&sock=20444_65b8_176716>
...
040 (3217424.022.000) 12/19 14:38:07 Finished transferring input files
...
001 (3217424.022.000) 12/19 14:38:08 Job executing on host: <188.184.211.43:9618?addrs=188.184.211.43-9618+[2001-1458-301-10b--100-146]-9618&noUDP&sock=20310_8c95_3>
...
040 (3217424.030.000) 12/19 14:38:08 Started transferring input files
	Transferring to host: <188.184.139.102:9618?addrs=188.184.139.102-9618+[2001-1458-301-45--100-159]-9618&noUDP&sock=16113_d0e8_177374>
...
006 (3217424.022.000) 12/19 14:38:09 Image size of job updated: 1
	0  -  MemoryUsage of job (MB)
	0  -  ResidentSetSize of job (KB)
...
040 (3217424.030.000) 12/19 14:38:09 Finished transferring input files
...
005 (3217424.022.000) 12/19 14:38:09 Job terminated.
	(1) Normal termination (return value 0)
		Usr 0 00:00:00, Sys 0 00:00:00  -  Run Remote Usage
		Usr 0 00:00:00, Sys 0 00:00:00  -  Run Local Usage
		Usr 0 00:00:00, Sys 0 00:00:00  -  Total Remote Usage
		Usr 0 00:00:00, Sys 0 00:00:00  -  Total Local Usage
	0  -  Run Bytes Sent By Job
	371  -  Run Bytes Received By Job
	0  -  Total Bytes Sent By Job
	371  -  Total Bytes Received By Job
	Partitionable Resources :    Usage  Request Allocated 
	   Cpus                 :                 1           
	   Disk (KB)            :       16        1   2746830 
	   Memory (MB)          :        0     2000      2000 
...
040 (3217424.012.000) 12/19 14:38:10 Started transferring input files
	Transferring to host: <188.184.139.102:9618?addrs=188.184.139.102-9618+[2001-1458-301-45--100-159]-9618&noUDP&sock=16113_d0e8_177375>
...
001 (3217424.030.000) 12/19 14:38:10 Job executing on host: <188.184.139.102:9618?addrs=188.184.139.102-9618+[2001-1458-301-45--100-159]-9618&noUDP&sock=5608_3334_3>
...
040 (3217424.012.000) 12/19 14:38:10 Finished transferring input files
...
006 (3217424.030.000) 12/19 14:38:10 Image size of job updated: 1
	0  -  MemoryUsage of job (MB)
	0  -  ResidentSetSize of job (KB)
...
001 (3217424.012.000) 12/19 14:38:11 Job executing on host: <188.184.139.102:9618?addrs=188.184.139.102-9618+[2001-1458-301-45--100-159]-9618&noUDP&sock=5608_3334_3>
...
005 (3217424.030.000) 12/19 14:38:11 Job terminated.
	(1) Normal termination (return value 0)
		Usr 0 00:00:00, Sys 0 00:00:00  -  Run Remote Usage
		Usr 0 00:00:00, Sys 0 00:00:00  -  Run Local Usage
		Usr 0 00:00:00, Sys 0 00:00:00  -  Total Remote Usage
		Usr 0 00:00:00, Sys 0 00:00:00  -  Total Local Usage
	0  -  Run Bytes Sent By Job
	371  -  Run Bytes Received By Job
	0  -  Total Bytes Sent By Job
	371  -  Total Bytes Received By Job
	Partitionable Resources :    Usage  Request Allocated 
	   Cpus                 :                 1           
	   Disk (KB)            :       16        1   2989041 
	   Memory (MB)          :        0     2000      2000 
...
006 (3217424.012.000) 12/19 14:38:12 Image size of job updated: 1
	0  -  MemoryUsage of job (MB)
	0  -  ResidentSetSize of job (KB)
...
005 (3217424.012.000) 12/19 14:38:12 Job terminated.
	(1) Normal termination (return value 0)
		Usr 0 00:00:00, Sys 0 00:00:00  -  Run Remote Usage
		Usr 0 00:00:00, Sys 0 00:00:00  -  Run Local Usage
		Usr 0 00:00:00, Sys 0 00:00:00  -  Total Remote Usage
		Usr 0 00:00:00, Sys 0 00:00:00  -  Total Local Usage
	0  -  Run Bytes Sent By Job
	371  -  Run Bytes Received By Job
	0  -  Total Bytes Sent By Job
	371  -  Total Bytes Received By Job
	Partitionable Resources :    Usage  Request Allocated 
	   Cpus                 :                 1           
	   Disk (KB)            :       16        1   2989118 
	   Memory (MB)          :        0     2000      2000 
...
040 (3217424.027.000) 12/19 14:38:20 Started transferring input files
	Transferring to host: <188.184.211.43:9618?addrs=188.184.211.43-9618+[2001-1458-301-10b--100-146]-9618&noUDP&sock=20444_65b8_176717>
...
040 (3217424.027.000) 12/19 14:38:20 Finished transferring input files
...
001 (3217424.027.000) 12/19 14:38:21 Job executing on host: <188.184.211.43:9618?addrs=188.184.211.43-9618+[2001-1458-301-10b--100-146]-9618&noUDP&sock=20310_8c95_3>
...
006 (3217424.027.000) 12/19 14:38:21 Image size of job updated: 1
	0  -  MemoryUsage of job (MB)
	0  -  ResidentSetSize of job (KB)
...
005 (3217424.027.000) 12/19 14:38:22 Job terminated.
	(1) Normal termination (return value 0)
		Usr 0 00:00:00, Sys 0 00:00:00  -  Run Remote Usage
		Usr 0 00:00:00, Sys 0 00:00:00  -  Run Local Usage
		Usr 0 00:00:00, Sys 0 00:00:00  -  Total Remote Usage
		Usr 0 00:00:00, Sys 0 00:00:00  -  Total Local Usage
	0  -  Run Bytes Sent By Job
	371  -  Run Bytes Received By Job
	0  -  Total Bytes Sent By Job
	371  -  Total Bytes Received By Job
	Partitionable Resources :    Usage  Request Allocated 
	   Cpus                 :                 1           
	   Disk (KB)            :       16        1   2746830 
	   Memory (MB)          :        0     2000      2000 
...
