mkdir: cannot create directory 'hrtsf_2018/W_sdtau21_tot_mist_rate_0p1': File exists
mkdir: cannot create directory '/eos/user/s/ssyedoma/JMARWTag/TempFit/hrtsf_2018/W_sdtau21_tot_mist_rate_0p1': File exists
Error in <TFile::TFile>: file W_sdtau21_JMAR_lowmed_pass.root does not exist
Error in <TFile::TFile>: file W_sdtau21_JMAR_lowmed_fail.root does not exist
#0  0x00002adcfafa141c in waitpid () from /lib64/libc.so.6
#1  0x00002adcfaf1ef12 in do_system () from /lib64/libc.so.6
#2  0x00002adcfa87fa8b in TUnixSystem::StackTrace() () from /cvmfs/cms.cern.ch/slc7_amd64_gcc700/lcg/root/6.12.07-gnimlf5/lib/libCore.so
#3  0x00002adcfc92e735 in cling::MultiplexInterpreterCallbacks::PrintStackTrace() () from /cvmfs/cms.cern.ch/slc7_amd64_gcc700/lcg/root/6.12.07-gnimlf5/lib/libCling.so
#4  0x00002adcfc92e1bb in cling_runtime_internal_throwIfInvalidPointer () from /cvmfs/cms.cern.ch/slc7_amd64_gcc700/lcg/root/6.12.07-gnimlf5/lib/libCling.so
#5  0x00002adcfa526213 in ?? ()
#6  0x0000000000b4e7b0 in ?? ()
#7  0x00002adcfb33d4ed in _dlerror_run () from /lib64/libdl.so.2
#8  0x00002adcfb33d06d in dlsym () from /lib64/libdl.so.2
#9  0x00002adcfe827086 in llvm::sys::DynamicLibrary::SearchForAddressOfSymbol(char const*) () from /cvmfs/cms.cern.ch/slc7_amd64_gcc700/lcg/root/6.12.07-gnimlf5/lib/libCling.so
#10 0x00002adcfb2a37b0 in main_arena () from /lib64/libc.so.6
#11 0xffff800317d14051 in ?? ()
#12 0x00007ffce82ebfb0 in ?? ()
#13 0x00007ffce82ebfaf in ?? ()
#14 0x000000050436c4a0 in ?? ()
#15 0x00002adcfd04f700 in llvm::RuntimeDyldELF::resolveRelocation(llvm::RelocationEntry const&, unsigned long) () from /cvmfs/cms.cern.ch/slc7_amd64_gcc700/lcg/root/6.12.07-gnimlf5/lib/libCling.so
#16 0x000000000436b010 in ?? ()
#17 0x00007ffce82ec030 in ?? ()
#18 0x0000000004363a88 in ?? ()
#19 0x000000000436c448 in ?? ()
#20 0x00002adcfa4b0480 in ?? () from /cvmfs/cms.cern.ch/slc7_amd64_gcc700/external/gcc/7.0.0-omkpbe2/lib64/libstdc++.so.6
#21 0x00000000043b59a0 in ?? ()
#22 0x0000000004381e20 in ?? ()
#23 0x00002adcfb2a3760 in ?? () from /lib64/libc.so.6
#24 0x0000000000010650 in ?? ()
#25 0x0000000003504ab0 in ?? ()
#26 0x0000000000000015 in ?? ()
#27 0x000000000000f820 in ?? ()
#28 0x00002adcfaf5d55e in _int_free () from /lib64/libc.so.6
#29 0x00002adcfb2a37b0 in main_arena () from /lib64/libc.so.6
#30 0xffff800317d13f41 in ?? ()
#31 0x00007ffce82ec0c0 in ?? ()
#32 0x00007ffce82ec0bf in ?? ()
#33 0x0000000001bca720 in ?? ()
#34 0x00007ffce82ec1f0 in ?? ()
#35 0x0000000000000020 in ?? ()
#36 0x0000000000000040 in ?? ()
#37 0x0000000001bca700 in ?? ()
#38 0x0000000000bc8378 in ?? ()
#39 0x0000000004307e00 in ?? ()
#40 0x0000000000000000 in ?? ()
Error in <HandleInterpreterException>: Trying to dereference null pointer or trying to call routine taking non-null arguments.
Execution of your code was aborted.
In file included from input_line_10:1:
/afs/cern.ch/work/s/ssyedoma/JMARWTag/TempFit/CMSSW_10_2_13/src/hrtsf/hrtsf_2018/W_sdtau21_tot_mist_rate_0p1/makeSFDatacard.C:5:30: warning: null passed to a callee that requires a non-null argument [-Wnonnull]
  TH1D  *h_obs_pass = (TH1D*)fpass->Get("data_obs");
                             ^~~~~
Warning in <TClassTable::Add>: class timespec already in TClassTable
Warning in <TClassTable::Add>: class reverse_iterator<__gnu_cxx::__normal_iterator<TString*,vector<TString> > > already in TClassTable
Warning in <TClassTable::Add>: class reverse_iterator<__gnu_cxx::__normal_iterator<string*,vector<string> > > already in TClassTable
Warning in <TClassTable::Add>: class reverse_iterator<__gnu_cxx::__normal_iterator<int*,vector<int> > > already in TClassTable
Warning in <TClassTable::Add>: class __gnu_cxx::__normal_iterator<char*,string> already in TClassTable
Warning in <TClassTable::Add>: class __gnu_cxx::__normal_iterator<const char*,string> already in TClassTable
Warning in <TClassTable::Add>: class __gnu_cxx::__normal_iterator<TString*,vector<TString> > already in TClassTable
Warning in <TClassTable::Add>: class __gnu_cxx::__normal_iterator<const TString*,vector<TString> > already in TClassTable
Warning in <TClassTable::Add>: class __gnu_cxx::__normal_iterator<string*,vector<string> > already in TClassTable
Warning in <TClassTable::Add>: class __gnu_cxx::__normal_iterator<const string*,vector<string> > already in TClassTable
Warning in <TClassTable::Add>: class __gnu_cxx::__normal_iterator<int*,vector<int> > already in TClassTable
Warning in <TClassTable::Add>: class __gnu_cxx::__normal_iterator<const int*,vector<int> > already in TClassTable
Warning in <TClassTable::Add>: class TVirtualIsAProxy already in TClassTable
Warning in <TClassTable::Add>: class TIsAProxy already in TClassTable
Warning in <TClassTable::Add>: class TStorage already in TClassTable
Warning in <TClassTable::Add>: class TObject already in TClassTable
Warning in <TClassTable::Add>: class TIterator already in TClassTable
Warning in <TClassTable::Add>: class TSubString already in TClassTable
Warning in <TClassTable::Add>: class TString already in TClassTable
Warning in <TClassTable::Add>: class TVirtualMutex already in TClassTable
Warning in <TClassTable::Add>: class TLockGuard already in TClassTable
Warning in <TClassTable::Add>: class ROOT::TVirtualRWMutex already in TClassTable
Warning in <TClassTable::Add>: class ROOT::TReadLockGuard already in TClassTable
Warning in <TClassTable::Add>: class ROOT::TWriteLockGuard already in TClassTable
Warning in <TClassTable::Add>: class TCollection already in TClassTable
Warning in <TClassTable::Add>: class TIter already in TClassTable
Warning in <TClassTable::Add>: class TSeqCollection already in TClassTable
Warning in <TClassTable::Add>: class TList already in TClassTable
Warning in <TClassTable::Add>: class TListIter already in TClassTable
Warning in <TClassTable::Add>: class TNamed already in TClassTable
Warning in <TClassTable::Add>: class TDictionary already in TClassTable
Warning in <TClassTable::Add>: class TInterpreter already in TClassTable
Warning in <TClassTable::Add>: class TQObject already in TClassTable
Warning in <TClassTable::Add>: class TQObjSender already in TClassTable
Warning in <TClassTable::Add>: class TApplicationImp already in TClassTable
Warning in <TClassTable::Add>: class TApplication already in TClassTable
Warning in <TClassTable::Add>: class TAtt3D already in TClassTable
Warning in <TClassTable::Add>: class TAttAxis already in TClassTable
Warning in <TClassTable::Add>: class TAttBBox already in TClassTable
Warning in <TClassTable::Add>: class SetWindowAttributes_t already in TClassTable
Warning in <TClassTable::Add>: class WindowAttributes_t already in TClassTable
Warning in <TClassTable::Add>: class Event_t already in TClassTable
Warning in <TClassTable::Add>: class GCValues_t already in TClassTable
Warning in <TClassTable::Add>: class ColorStruct_t already in TClassTable
Warning in <TClassTable::Add>: class PictureAttributes_t already in TClassTable
Warning in <TClassTable::Add>: class Segment_t already in TClassTable
Warning in <TClassTable::Add>: class Point_t already in TClassTable
Warning in <TClassTable::Add>: class Rectangle_t already in TClassTable
Warning in <TClassTable::Add>: class TAttBBox2D already in TClassTable
Warning in <TClassTable::Add>: class TAttFill already in TClassTable
Warning in <TClassTable::Add>: class TAttLine already in TClassTable
Warning in <TClassTable::Add>: class TAttMarker already in TClassTable
Warning in <TClassTable::Add>: class TAttPad already in TClassTable
Warning in <TClassTable::Add>: class TAttText already in TClassTable
Warning in <TClassTable::Add>: class TBase64 already in TClassTable
Warning in <TClassTable::Add>: class TStopwatch already in TClassTable
Warning in <TClassTable::Add>: class TBenchmark already in TClassTable
Warning in <TClassTable::Add>: class TBrowserImp already in TClassTable
Warning in <TClassTable::Add>: class TBrowser already in TClassTable
Warning in <TClassTable::Add>: class TBuffer already in TClassTable
Warning in <TClassTable::Add>: class TBuffer3D already in TClassTable
Warning in <TClassTable::Add>: class TCanvasImp already in TClassTable
Warning in <TClassTable::Add>: class TArray already in TClassTable
Warning in <TClassTable::Add>: class TArrayI already in TClassTable
Warning in <TClassTable::Add>: class TColor already in TClassTable
Warning in <TClassTable::Add>: class TColorGradient already in TClassTable
Warning in <TClassTable::Add>: class TLinearGradient already in TClassTable
Warning in <TClassTable::Add>: class TRadialGradient already in TClassTable
Warning in <TClassTable::Add>: class TContextMenuImp already in TClassTable
Warning in <TClassTable::Add>: class TContextMenu already in TClassTable
Warning in <TClassTable::Add>: class TControlBarImp already in TClassTable
Warning in <TClassTable::Add>: class TDatime already in TClassTable
Warning in <TClassTable::Add>: class TUUID already in TClassTable
Warning in <TClassTable::Add>: class TDirectory already in TClassTable
Warning in <TClassTable::Add>: class TEnvRec already in TClassTable
Warning in <TClassTable::Add>: class TEnv already in TClassTable
Warning in <TClassTable::Add>: class TExec already in TClassTable
Warning in <TClassTable::Add>: class TFileCollection already in TClassTable
Warning in <TClassTable::Add>: class THashTable already in TClassTable
Warning in <TClassTable::Add>: class THashTableIter already in TClassTable
Warning in <TClassTable::Add>: class TMap already in TClassTable
Warning in <TClassTable::Add>: class TPair already in TClassTable
Warning in <TClassTable::Add>: class TMapIter already in TClassTable
Warning in <TClassTable::Add>: class TUrl already in TClassTable
Warning in <TClassTable::Add>: class TMD5 already in TClassTable
Warning in <TClassTable::Add>: class TObjString already in TClassTable
Warning in <TClassTable::Add>: class TFileInfo already in TClassTable
Warning in <TClassTable::Add>: class TFileInfoMeta already in TClassTable
Warning in <TClassTable::Add>: class TFolder already in TClassTable
Warning in <TClassTable::Add>: class TGuiFactory already in TClassTable
Warning in <TClassTable::Add>: class TInetAddress already in TClassTable
Warning in <TClassTable::Add>: class TInspectorImp already in TClassTable
Warning in <TClassTable::Add>: class TMacro already in TClassTable
Warning in <TClassTable::Add>: class TMemberInspector already in TClassTable
Warning in <TClassTable::Add>: class TMessageHandler already in TClassTable
Warning in <TClassTable::Add>: class TObjectSpy already in TClassTable
Warning in <TClassTable::Add>: class TObjectRefSpy already in TClassTable
Warning in <TClassTable::Add>: class TPRegexp already in TClassTable
Warning in <TClassTable::Add>: class TPMERegexp already in TClassTable
Warning in <TClassTable::Add>: class TStringToken already in TClassTable
Warning in <TClassTable::Add>: class TObjArray already in TClassTable
Warning in <TClassTable::Add>: class TObjArrayIter already in TClassTable
Warning in <TClassTable::Add>: class TClass already in TClassTable
Warning in <TClassTable::Add>: class TROOT already in TClassTable
Warning in <TClassTable::Add>: class TParameter<bool> already in TClassTable
Warning in <TClassTable::Add>: class TParameter<Long64_t> already in TClassTable
Warning in <TClassTable::Add>: class TParameter<long> already in TClassTable
Warning in <TClassTable::Add>: class TParameter<int> already in TClassTable
Warning in <TClassTable::Add>: class TParameter<double> already in TClassTable
Warning in <TClassTable::Add>: class TParameter<float> already in TClassTable
Warning in <TClassTable::Add>: class TMethodCall already in TClassTable
Warning in <TClassTable::Add>: class TPluginHandler already in TClassTable
Warning in <TClassTable::Add>: class TPluginManager already in TClassTable
Warning in <TClassTable::Add>: class TPoint already in TClassTable
Warning in <TClassTable::Add>: class TProcessID already in TClassTable
Warning in <TClassTable::Add>: class TProcessUUID already in TClassTable
Warning in <TClassTable::Add>: class TQClass already in TClassTable
Warning in <TClassTable::Add>: class TQCommand already in TClassTable
Warning in <TClassTable::Add>: class TQUndoManager already in TClassTable
Warning in <TClassTable::Add>: class TQConnection already in TClassTable
Warning in <TClassTable::Add>: class TSysEvtHandler already in TClassTable
Warning in <TClassTable::Add>: class TFileHandler already in TClassTable
Warning in <TClassTable::Add>: class TSignalHandler already in TClassTable
Warning in <TClassTable::Add>: class TStdExceptionHandler already in TClassTable
Warning in <TClassTable::Add>: class TTime already in TClassTable
Warning in <TClassTable::Add>: class TTimer already in TClassTable
Warning in <TClassTable::Add>: class FileStat_t already in TClassTable
Warning in <TClassTable::Add>: class UserGroup_t already in TClassTable
Warning in <TClassTable::Add>: class SysInfo_t already in TClassTable
Warning in <TClassTable::Add>: class CpuInfo_t already in TClassTable
Warning in <TClassTable::Add>: class MemInfo_t already in TClassTable
Warning in <TClassTable::Add>: class ProcInfo_t already in TClassTable
Warning in <TClassTable::Add>: class RedirectHandle_t already in TClassTable
Warning in <TClassTable::Add>: class TProcessEventTimer already in TClassTable
Warning in <TClassTable::Add>: class TSystem already in TClassTable
Warning in <TClassTable::Add>: class TRedirectOutputGuard already in TClassTable
Warning in <TClassTable::Add>: class TRef already in TClassTable
Warning in <TClassTable::Add>: class TRefCnt already in TClassTable
Warning in <TClassTable::Add>: class TRegexp already in TClassTable
Warning in <TClassTable::Add>: class TSystemFile already in TClassTable
Warning in <TClassTable::Add>: class TSystemDirectory already in TClassTable
Warning in <TClassTable::Add>: class TRemoteObject already in TClassTable
Warning in <TClassTable::Add>: class TRootIOCtor already in TClassTable
Warning in <TClassTable::Add>: class TStringLong already in TClassTable
Warning in <TClassTable::Add>: class TStyle already in TClassTable
Warning in <TClassTable::Add>: class TTask already in TClassTable
Warning in <TClassTable::Add>: class TTimeStamp already in TClassTable
Warning in <TClassTable::Add>: class TUri already in TClassTable
Warning in <TClassTable::Add>: class TVirtualAuth already in TClassTable
Warning in <TClassTable::Add>: class TVirtualFFT already in TClassTable
Warning in <TClassTable::Add>: class TVirtualGLPainter already in TClassTable
Warning in <TClassTable::Add>: class TVirtualGLManip already in TClassTable
Warning in <TClassTable::Add>: class TGLManager already in TClassTable
Warning in <TClassTable::Add>: class TGLPaintDevice already in TClassTable
Warning in <TClassTable::Add>: class TVirtualMonitoringWriter already in TClassTable
Warning in <TClassTable::Add>: class TVirtualMonitoringReader already in TClassTable
Warning in <TClassTable::Add>: class TVirtualPS already in TClassTable
Warning in <TClassTable::Add>: class TVirtualX already in TClassTable
Warning in <TClassTable::Add>: class TVirtualPad already in TClassTable
Warning in <TClassTable::Add>: class TVirtualPadEditor already in TClassTable
Warning in <TClassTable::Add>: class TVirtualPadPainter already in TClassTable
Warning in <TClassTable::Add>: class TVirtualPerfStats already in TClassTable
Warning in <TClassTable::Add>: class TVirtualTableInterface already in TClassTable
Warning in <TClassTable::Add>: class TVirtualViewer3D already in TClassTable
Warning in <TClassTable::Add>: class TArrayC already in TClassTable
Warning in <TClassTable::Add>: class TArrayD already in TClassTable
Warning in <TClassTable::Add>: class TArrayF already in TClassTable
Warning in <TClassTable::Add>: class TArrayL already in TClassTable
Warning in <TClassTable::Add>: class TArrayL64 already in TClassTable
Warning in <TClassTable::Add>: class TArrayS already in TClassTable
Warning in <TClassTable::Add>: class TBits already in TClassTable
Warning in <TClassTable::Add>: class TBits::TReference already in TClassTable
Warning in <TClassTable::Add>: class TBtree already in TClassTable
Warning in <TClassTable::Add>: class TBtreeIter already in TClassTable
Warning in <TClassTable::Add>: class TClassTable already in TClassTable
Warning in <TClassTable::Add>: class TClonesArray already in TClassTable
Warning in <TClassTable::Add>: class TExMap already in TClassTable
Warning in <TClassTable::Add>: class TExMapIter already in TClassTable
Warning in <TClassTable::Add>: class THashList already in TClassTable
Warning in <TClassTable::Add>: class TObjectTable already in TClassTable
Warning in <TClassTable::Add>: class TOrdCollection already in TClassTable
Warning in <TClassTable::Add>: class TOrdCollectionIter already in TClassTable
Warning in <TClassTable::Add>: class TRefArray already in TClassTable
Warning in <TClassTable::Add>: class TRefArrayIter already in TClassTable
Warning in <TClassTable::Add>: class TRefTable already in TClassTable
Warning in <TClassTable::Add>: class TSortedList already in TClassTable
Warning in <TClassTable::Add>: class TClassRef already in TClassTable
Warning in <TClassTable::Add>: class TDataType already in TClassTable
Warning in <TClassTable::Add>: class TVirtualCollectionProxy already in TClassTable
Warning in <TClassTable::Add>: class TUnixSystem already in TClassTable
Warning in <TClassTable::Add>: class TBaseClass already in TClassTable
Warning in <TClassTable::Add>: class TClassGenerator already in TClassTable
Warning in <TClassTable::Add>: class TClassMenuItem already in TClassTable
Warning in <TClassTable::Add>: class TClassStreamer already in TClassTable
Warning in <TClassTable::Add>: class TDataMember already in TClassTable
Warning in <TClassTable::Add>: class TOptionListItem already in TClassTable
Warning in <TClassTable::Add>: class TDictAttributeMap already in TClassTable
Warning in <TClassTable::Add>: class TEnum already in TClassTable
Warning in <TClassTable::Add>: class TGlobal already in TClassTable
Warning in <TClassTable::Add>: class TEnumConstant already in TClassTable
Warning in <TClassTable::Add>: class TFileMergeInfo already in TClassTable
Warning in <TClassTable::Add>: class TFunction already in TClassTable
Warning in <TClassTable::Add>: class TFunctionTemplate already in TClassTable
Warning in <TClassTable::Add>: class TListOfDataMembers already in TClassTable
Warning in <TClassTable::Add>: class TListOfEnums already in TClassTable
Warning in <TClassTable::Add>: class TListOfEnumsWithLock already in TClassTable
Warning in <TClassTable::Add>: class TListOfEnumsWithLockIter already in TClassTable
Warning in <TClassTable::Add>: class TListOfFunctionTemplates already in TClassTable
Warning in <TClassTable::Add>: class TListOfFunctions already in TClassTable
Warning in <TClassTable::Add>: class TListOfFunctionsIter already in TClassTable
Warning in <TClassTable::Add>: class TMemberStreamer already in TClassTable
Warning in <TClassTable::Add>: class TMethod already in TClassTable
Warning in <TClassTable::Add>: class TMethodArg already in TClassTable
Warning in <TClassTable::Add>: class TProtoClass already in TClassTable
Warning in <TClassTable::Add>: class TProtoClass::TProtoRealData already in TClassTable
Warning in <TClassTable::Add>: class TRealData already in TClassTable
Warning in <TClassTable::Add>: class ROOT::TSchemaRule already in TClassTable
Warning in <TClassTable::Add>: class ROOT::TSchemaRule::TSources already in TClassTable
Warning in <TClassTable::Add>: class ROOT::Detail::TSchemaRuleSet already in TClassTable
Warning in <TClassTable::Add>: class ROOT::Detail::TStatusBitsChecker already in TClassTable
Warning in <TClassTable::Add>: class TStreamerElement already in TClassTable
Warning in <TClassTable::Add>: class TStreamerBase already in TClassTable
Warning in <TClassTable::Add>: class TStreamerBasicPointer already in TClassTable
Warning in <TClassTable::Add>: class TStreamerLoop already in TClassTable
Warning in <TClassTable::Add>: class TStreamerBasicType already in TClassTable
Warning in <TClassTable::Add>: class TStreamerObject already in TClassTable
Warning in <TClassTable::Add>: class TStreamerObjectAny already in TClassTable
Warning in <TClassTable::Add>: class TStreamerObjectPointer already in TClassTable
Warning in <TClassTable::Add>: class TStreamerObjectAnyPointer already in TClassTable
Warning in <TClassTable::Add>: class TStreamerString already in TClassTable
Warning in <TClassTable::Add>: class TStreamerSTL already in TClassTable
Warning in <TClassTable::Add>: class TStreamerSTLstring already in TClassTable
Warning in <TClassTable::Add>: class TStreamerArtificial already in TClassTable
Warning in <TClassTable::Add>: class TToggle already in TClassTable
Warning in <TClassTable::Add>: class TToggleGroup already in TClassTable
Warning in <TClassTable::Add>: class TVirtualStreamerInfo already in TClassTable
Warning in <TClassTable::Add>: class TAtomicCount already in TClassTable
Warning in <TClassTable::Add>: class TConditionImp already in TClassTable
Warning in <TClassTable::Add>: class TCondition already in TClassTable
Warning in <TClassTable::Add>: class TMutexImp already in TClassTable
Warning in <TClassTable::Add>: class TMutex already in TClassTable
Warning in <TClassTable::Add>: class TRWLock already in TClassTable
Warning in <TClassTable::Add>: class ROOT::TSpinMutex already in TClassTable
Warning in <TClassTable::Add>: class TSemaphore already in TClassTable
Warning in <TClassTable::Add>: class TThread already in TClassTable
Warning in <TClassTable::Add>: class TThreadFactory already in TClassTable
Warning in <TClassTable::Add>: class TThreadImp already in TClassTable
Warning in <TClassTable::Add>: class TPosixCondition already in TClassTable
Warning in <TClassTable::Add>: class TPosixMutex already in TClassTable
Warning in <TClassTable::Add>: class TPosixThread already in TClassTable
Warning in <TClassTable::Add>: class TPosixThreadFactory already in TClassTable
Warning in <TClassTable::Add>: class TArchiveFile already in TClassTable
Warning in <TClassTable::Add>: class TArchiveMember already in TClassTable
Warning in <TClassTable::Add>: class TBufferFile already in TClassTable
Warning in <TClassTable::Add>: class TBufferJSON already in TClassTable
Warning in <TClassTable::Add>: class TGenCollectionProxy already in TClassTable
Warning in <TClassTable::Add>: class TGenCollectionProxy::Value already in TClassTable
Warning in <TClassTable::Add>: class TGenCollectionProxy::Method already in TClassTable
Warning in <TClassTable::Add>: class TCollectionProxyFactory already in TClassTable
Warning in <TClassTable::Add>: class TCollectionStreamer already in TClassTable
Warning in <TClassTable::Add>: class TCollectionClassStreamer already in TClassTable
Warning in <TClassTable::Add>: class TCollectionMemberStreamer already in TClassTable
Warning in <TClassTable::Add>: class TDirectoryFile already in TClassTable
Warning in <TClassTable::Add>: class TEmulatedCollectionProxy already in TClassTable
Warning in <TClassTable::Add>: class TEmulatedMapProxy already in TClassTable
Warning in <TClassTable::Add>: class TFPBlock already in TClassTable
Warning in <TClassTable::Add>: class TFile already in TClassTable
Warning in <TClassTable::Add>: class TFileCacheRead already in TClassTable
Warning in <TClassTable::Add>: class TFileCacheWrite already in TClassTable
Warning in <TClassTable::Add>: class TFileMerger already in TClassTable
Warning in <TClassTable::Add>: class TFilePrefetch already in TClassTable
Warning in <TClassTable::Add>: class TFree already in TClassTable
Warning in <TClassTable::Add>: class TKey already in TClassTable
Warning in <TClassTable::Add>: class TKeyMapFile already in TClassTable
Warning in <TClassTable::Add>: class TLockFile already in TClassTable
Warning in <TClassTable::Add>: class TMapFile already in TClassTable
Warning in <TClassTable::Add>: class TMapRec already in TClassTable
Warning in <TClassTable::Add>: class TMemFile already in TClassTable
Warning in <TClassTable::Add>: class TStreamerInfo already in TClassTable
Warning in <TClassTable::Add>: class TStreamerInfoActions::TConfiguration already in TClassTable
Warning in <TClassTable::Add>: class TStreamerInfoActions::TConfiguredAction already in TClassTable
Warning in <TClassTable::Add>: class TStreamerInfoActions::TActionSequence already in TClassTable
Warning in <TClassTable::Add>: class TVirtualArray already in TClassTable
Warning in <TClassTable::Add>: class TVirtualObject already in TClassTable
Warning in <TClassTable::Add>: class TZIPFile already in TClassTable
Warning in <TClassTable::Add>: class TZIPMember already in TClassTable
Warning in <TClassTable::Add>: class ROOT::Experimental::TBufferMerger already in TClassTable
Warning in <TClassTable::Add>: class ROOT::Experimental::TBufferMergerFile already in TClassTable
<built-in>:9:9: warning: '__CLING__GNUC__' macro redefined [-Wmacro-redefined]
#define __CLING__GNUC__ 7
        ^
<built-in>:371:9: note: previous definition is here
#define __CLING__GNUC__ 4
        ^
<built-in>:10:9: warning: '__CLING__GNUC_MINOR__' macro redefined [-Wmacro-redefined]
#define __CLING__GNUC_MINOR__ 3
        ^
<built-in>:372:9: note: previous definition is here
#define __CLING__GNUC_MINOR__ 8
        ^
fatal error: malformed or corrupted AST file: 'declaration ID out-of-range for AST file'
Warning in cling::IncrementalParser::CheckABICompatibility():
  Possible C++ standard library mismatch, compiled with __GLIBCXX__ '20180127'
  Extraction of runtime standard library version was: '20150623'

 *** Break *** segmentation violation



===========================================================
There was a crash.
This is the entire stack trace of all threads:
===========================================================
#0  0x00002ad7f70ec41c in waitpid () from /lib64/libc.so.6
#1  0x00002ad7f7069f12 in do_system () from /lib64/libc.so.6
#2  0x00002ad7f9d929f4 in TUnixSystem::StackTrace() () from /cvmfs/sft.cern.ch/lcg/app/releases/ROOT/6.18.00/x86_64-centos7-gcc48-opt/lib/libCore.so.6.18
#3  0x00002ad7f9d9512c in TUnixSystem::DispatchSignals(ESignals) () from /cvmfs/sft.cern.ch/lcg/app/releases/ROOT/6.18.00/x86_64-centos7-gcc48-opt/lib/libCore.so.6.18
#4  <signal handler called>
#5  0x00002ad7fc57e888 in TClingLookupHelper__ExistingTypeCheck(std::__cxx11::basic_string<char, std::char_traits<char>, std::allocator<char> > const&, std::__cxx11::basic_string<char, std::char_traits<char>, std::allocator<char> >&) () from /cvmfs/cms.cern.ch/slc7_amd64_gcc700/cms/cmssw/CMSSW_10_2_13/external/slc7_amd64_gcc700/lib/libCling.so
#6  0x00002ad7f9d22f4c in TClassEdit::ResolveTypedef(char const*, bool) () from /cvmfs/sft.cern.ch/lcg/app/releases/ROOT/6.18.00/x86_64-centos7-gcc48-opt/lib/libCore.so.6.18
#7  0x00002ad7f9d27219 in TClassEdit::TSplitType::ShortType(std::string&, int) () from /cvmfs/sft.cern.ch/lcg/app/releases/ROOT/6.18.00/x86_64-centos7-gcc48-opt/lib/libCore.so.6.18
#8  0x00002ad7f9d25ceb in TClassEdit::GetNormalizedName(std::string&, std::experimental::__ROOT::basic_string_view<char, std::char_traits<char> >) () from /cvmfs/sft.cern.ch/lcg/app/releases/ROOT/6.18.00/x86_64-centos7-gcc48-opt/lib/libCore.so.6.18
#9  0x00002ad7f9d405a2 in TClass::GetClass(char const*, bool, bool) () from /cvmfs/sft.cern.ch/lcg/app/releases/ROOT/6.18.00/x86_64-centos7-gcc48-opt/lib/libCore.so.6.18
#10 0x00002ad7f9d425f0 in TClass::AddRule(char const*) () from /cvmfs/sft.cern.ch/lcg/app/releases/ROOT/6.18.00/x86_64-centos7-gcc48-opt/lib/libCore.so.6.18
#11 0x00002ad7f9d427e1 in (anonymous namespace)::ReadRulesContent(_IO_FILE*) () from /cvmfs/sft.cern.ch/lcg/app/releases/ROOT/6.18.00/x86_64-centos7-gcc48-opt/lib/libCore.so.6.18
#12 0x00002ad7f9d429a7 in TClass::ReadRules() () from /cvmfs/sft.cern.ch/lcg/app/releases/ROOT/6.18.00/x86_64-centos7-gcc48-opt/lib/libCore.so.6.18
#13 0x00002ad7f9c56816 in TROOT::InitInterpreter() () from /cvmfs/sft.cern.ch/lcg/app/releases/ROOT/6.18.00/x86_64-centos7-gcc48-opt/lib/libCore.so.6.18
#14 0x00002ad7f9c56c76 in ROOT::Internal::GetROOT2() () from /cvmfs/sft.cern.ch/lcg/app/releases/ROOT/6.18.00/x86_64-centos7-gcc48-opt/lib/libCore.so.6.18
#15 0x00002ad7f80d9183 in PyROOT::InitRoot() () from /cvmfs/sft.cern.ch/lcg/app/releases/ROOT/6.18.00/x86_64-centos7-gcc48-opt/lib/libPyROOT.so
#16 0x00002ad7f80d50ec in initlibPyROOT () from /cvmfs/sft.cern.ch/lcg/app/releases/ROOT/6.18.00/x86_64-centos7-gcc48-opt/lib/libPyROOT.so
#17 0x00002ad7f660b21b in _PyImport_LoadDynamicModule (name=0x1af9c00 "libPyROOT", pathname=0x1afac10 "/cvmfs/sft.cern.ch/lcg/app/releases/ROOT/6.18.00/x86_64-centos7-gcc48-opt/lib/libPyROOT.so", fp=<optimized out>) at ./Python/importdl.c:53
#18 0x00002ad7f6608e01 in import_submodule (mod=mod
entry=0x2ad7f66b9e20 <_Py_NoneStruct>, subname=subname
entry=0x1af9c00 "libPyROOT", fullname=fullname
entry=0x1af9c00 "libPyROOT") at Python/import.c:2725
#19 0x00002ad7f6609b82 in load_next (p_buflen=<synthetic pointer>, buf=0x1af9c00 "libPyROOT", p_name=<synthetic pointer>, altmod=0x2ad7f66b9e20 <_Py_NoneStruct>, mod=0x2ad7f66b9e20 <_Py_NoneStruct>) at Python/import.c:2539
#20 import_module_level (locals=<optimized out>, level=<optimized out>, fromlist=0x2ad7f66b9e20 <_Py_NoneStruct>, globals=<optimized out>, name=<optimized out>) at Python/import.c:2247
#21 PyImport_ImportModuleLevel (name=0x2ad7f64ace34 "libPyROOT", globals=<optimized out>, locals=<optimized out>, fromlist=0x2ad7f66b9e20 <_Py_NoneStruct>, level=<optimized out>) at Python/import.c:2312
#22 0x00002ad7f65e9b44 in builtin___import__ (self=<optimized out>, args=<optimized out>, kwds=<optimized out>) at Python/bltinmodule.c:49
#23 0x00002ad7f653bf03 in PyObject_Call (func=func
entry=0x2ad7f633efc8, arg=arg
entry=0x2ad7f64ad520, kw=<optimized out>) at Objects/abstract.c:2547
#24 0x00002ad7f65eb587 in PyEval_CallObjectWithKeywords (func=func
entry=0x2ad7f633efc8, arg=arg
entry=0x2ad7f64ad520, kw=kw
entry=0x0) at Python/ceval.c:4226
#25 0x00002ad7f65ee4a0 in PyEval_EvalFrameEx (f=f
entry=0x2ad7f64237b0, throwflag=throwflag
entry=0) at Python/ceval.c:2628
#26 0x00002ad7f65f57b8 in PyEval_EvalCodeEx (co=co
entry=0x2ad7f64b6830, globals=globals
entry=0x2ad7f64a26e0, locals=locals
entry=0x2ad7f64a26e0, args=args
entry=0x0, argcount=argcount
entry=0, kws=kws
entry=0x0, kwcount=0, defs=0x0, defcount=0, closure=0x0) at Python/ceval.c:3589
#27 0x00002ad7f65f59c9 in PyEval_EvalCode (co=co
entry=0x2ad7f64b6830, globals=globals
entry=0x2ad7f64a26e0, locals=locals
entry=0x2ad7f64a26e0) at Python/ceval.c:669
#28 0x00002ad7f6607aec in PyImport_ExecCodeModuleEx (name=name
entry=0x1ad7c90 "cppyy", co=co
entry=0x2ad7f64b6830, pathname=pathname
entry=0x1ad9cb0 "/cvmfs/sft.cern.ch/lcg/app/releases/ROOT/6.18.00/x86_64-centos7-gcc48-opt/lib/cppyy.pyc") at Python/import.c:731
#29 0x00002ad7f6607d72 in load_source_module (name=0x1ad7c90 "cppyy", pathname=0x1ad9cb0 "/cvmfs/sft.cern.ch/lcg/app/releases/ROOT/6.18.00/x86_64-centos7-gcc48-opt/lib/cppyy.pyc", fp=<optimized out>) at Python/import.c:1121
#30 0x00002ad7f6608e01 in import_submodule (mod=mod
entry=0x2ad7f66b9e20 <_Py_NoneStruct>, subname=subname
entry=0x1ad7c90 "cppyy", fullname=fullname
entry=0x1ad7c90 "cppyy") at Python/import.c:2725
#31 0x00002ad7f6609b82 in load_next (p_buflen=<synthetic pointer>, buf=0x1ad7c90 "cppyy", p_name=<synthetic pointer>, altmod=0x2ad7f66b9e20 <_Py_NoneStruct>, mod=0x2ad7f66b9e20 <_Py_NoneStruct>) at Python/import.c:2539
#32 import_module_level (locals=<optimized out>, level=<optimized out>, fromlist=0x2ad7f66b9e20 <_Py_NoneStruct>, globals=<optimized out>, name=<optimized out>) at Python/import.c:2247
#33 PyImport_ImportModuleLevel (name=0x2ad7f649e414 "cppyy", globals=<optimized out>, locals=<optimized out>, fromlist=0x2ad7f66b9e20 <_Py_NoneStruct>, level=<optimized out>) at Python/import.c:2312
#34 0x00002ad7f65e9b44 in builtin___import__ (self=<optimized out>, args=<optimized out>, kwds=<optimized out>) at Python/bltinmodule.c:49
#35 0x00002ad7f653bf03 in PyObject_Call (func=func
entry=0x2ad7f633efc8, arg=arg
entry=0x2ad7f64ad310, kw=<optimized out>) at Objects/abstract.c:2547
#36 0x00002ad7f65eb587 in PyEval_CallObjectWithKeywords (func=func
entry=0x2ad7f633efc8, arg=arg
entry=0x2ad7f64ad310, kw=kw
entry=0x0) at Python/ceval.c:4226
#37 0x00002ad7f65ee4a0 in PyEval_EvalFrameEx (f=f
entry=0x2ad7f64b1050, throwflag=throwflag
entry=0) at Python/ceval.c:2628
#38 0x00002ad7f65f57b8 in PyEval_EvalCodeEx (co=co
entry=0x2ad7f64b42b0, globals=globals
entry=0x2ad7f64a2280, locals=locals
entry=0x2ad7f64a2280, args=args
entry=0x0, argcount=argcount
entry=0, kws=kws
entry=0x0, kwcount=0, defs=0x0, defcount=0, closure=0x0) at Python/ceval.c:3589
#39 0x00002ad7f65f59c9 in PyEval_EvalCode (co=co
entry=0x2ad7f64b42b0, globals=globals
entry=0x2ad7f64a2280, locals=locals
entry=0x2ad7f64a2280) at Python/ceval.c:669
#40 0x00002ad7f6607aec in PyImport_ExecCodeModuleEx (name=name
entry=0x1a72650 "ROOT", co=co
entry=0x2ad7f64b42b0, pathname=pathname
entry=0x1aafa20 "/cvmfs/sft.cern.ch/lcg/app/releases/ROOT/6.18.00/x86_64-centos7-gcc48-opt/lib/ROOT.pyc") at Python/import.c:731
#41 0x00002ad7f6607d72 in load_source_module (name=0x1a72650 "ROOT", pathname=0x1aafa20 "/cvmfs/sft.cern.ch/lcg/app/releases/ROOT/6.18.00/x86_64-centos7-gcc48-opt/lib/ROOT.pyc", fp=<optimized out>) at Python/import.c:1121
#42 0x00002ad7f6608e01 in import_submodule (mod=mod
entry=0x2ad7f66b9e20 <_Py_NoneStruct>, subname=subname
entry=0x1a72650 "ROOT", fullname=fullname
entry=0x1a72650 "ROOT") at Python/import.c:2725
#43 0x00002ad7f6609b82 in load_next (p_buflen=<synthetic pointer>, buf=0x1a72650 "ROOT", p_name=<synthetic pointer>, altmod=0x2ad7f66b9e20 <_Py_NoneStruct>, mod=0x2ad7f66b9e20 <_Py_NoneStruct>) at Python/import.c:2539
#44 import_module_level (locals=<optimized out>, level=<optimized out>, fromlist=0x2ad7f66b9e20 <_Py_NoneStruct>, globals=<optimized out>, name=<optimized out>) at Python/import.c:2247
#45 PyImport_ImportModuleLevel (name=0x2ad7f7428bc4 "ROOT", globals=<optimized out>, locals=<optimized out>, fromlist=0x2ad7f66b9e20 <_Py_NoneStruct>, level=<optimized out>) at Python/import.c:2312
#46 0x00002ad7f65e9b44 in builtin___import__ (self=<optimized out>, args=<optimized out>, kwds=<optimized out>) at Python/bltinmodule.c:49
#47 0x00002ad7f653bf03 in PyObject_Call (func=func
entry=0x2ad7f633efc8, arg=arg
entry=0x2ad7f6411d60, kw=<optimized out>) at Objects/abstract.c:2547
#48 0x00002ad7f65eb587 in PyEval_CallObjectWithKeywords (func=func
entry=0x2ad7f633efc8, arg=arg
entry=0x2ad7f6411d60, kw=kw
entry=0x0) at Python/ceval.c:4226
#49 0x00002ad7f65ee4a0 in PyEval_EvalFrameEx (f=f
entry=0x1a08830, throwflag=throwflag
entry=0) at Python/ceval.c:2628
#50 0x00002ad7f65f57b8 in PyEval_EvalCodeEx (co=co
entry=0x2ad7f6433730, globals=globals
entry=0x2ad7f6362168, locals=locals
entry=0x2ad7f6362168, args=args
entry=0x0, argcount=argcount
entry=0, kws=kws
entry=0x0, kwcount=0, defs=0x0, defcount=0, closure=0x0) at Python/ceval.c:3589
#51 0x00002ad7f65f59c9 in PyEval_EvalCode (co=co
entry=0x2ad7f6433730, globals=globals
entry=0x2ad7f6362168, locals=locals
entry=0x2ad7f6362168) at Python/ceval.c:669
#52 0x00002ad7f6617eda in run_mod (arena=0x1a252e0, flags=0x7fff40c6f7dc, locals=0x2ad7f6362168, globals=0x2ad7f6362168, filename=0x2ad7f6433730 "\002", mod=<optimized out>) at Python/pythonrun.c:1385
#53 PyRun_FileExFlags (fp=fp
entry=0x1aa4600, filename=filename
entry=0x7fff40c70d96 "/afs/cern.ch/work/s/ssyedoma/JMARWTag/TempFit/CMSSW_10_2_13/bin/slc7_amd64_gcc700/text2workspace.py", start=start
entry=257, globals=globals
entry=0x2ad7f6362168, locals=locals
entry=0x2ad7f6362168, closeit=closeit
entry=1, flags=0x7fff40c6f7dc) at Python/pythonrun.c:1371
#54 0x00002ad7f6619cd3 in PyRun_SimpleFileExFlags (fp=fp
entry=0x1aa4600, filename=0x7fff40c70d96 "/afs/cern.ch/work/s/ssyedoma/JMARWTag/TempFit/CMSSW_10_2_13/bin/slc7_amd64_gcc700/text2workspace.py", closeit=closeit
entry=1, flags=flags
entry=0x7fff40c6f7dc) at Python/pythonrun.c:957
#55 0x00002ad7f661a333 in PyRun_AnyFileExFlags (fp=fp
entry=0x1aa4600, filename=<optimized out>, closeit=closeit
entry=1, flags=flags
entry=0x7fff40c6f7dc) at Python/pythonrun.c:761
#56 0x00002ad7f66328be in Py_Main (argc=<optimized out>, argv=<optimized out>) at Modules/main.c:645
#57 0x00002ad7f7049505 in __libc_start_main () from /lib64/libc.so.6
#58 0x000000000040066e in _start ()
===========================================================


The lines below might hint at the cause of the crash.
You may get help by asking at the ROOT forum http://root.cern.ch/forum
Only if you are really convinced it is a bug in ROOT then please submit a
report at http://root.cern.ch/bugs Please post the ENTIRE stack trace
from above as an attachment in addition to anything else
that might help us fixing this issue.
===========================================================
#5  0x00002ad7fc57e888 in TClingLookupHelper__ExistingTypeCheck(std::__cxx11::basic_string<char, std::char_traits<char>, std::allocator<char> > const&, std::__cxx11::basic_string<char, std::char_traits<char>, std::allocator<char> >&) () from /cvmfs/cms.cern.ch/slc7_amd64_gcc700/cms/cmssw/CMSSW_10_2_13/external/slc7_amd64_gcc700/lib/libCling.so
#6  0x00002ad7f9d22f4c in TClassEdit::ResolveTypedef(char const*, bool) () from /cvmfs/sft.cern.ch/lcg/app/releases/ROOT/6.18.00/x86_64-centos7-gcc48-opt/lib/libCore.so.6.18
#7  0x00002ad7f9d27219 in TClassEdit::TSplitType::ShortType(std::string&, int) () from /cvmfs/sft.cern.ch/lcg/app/releases/ROOT/6.18.00/x86_64-centos7-gcc48-opt/lib/libCore.so.6.18
#8  0x00002ad7f9d25ceb in TClassEdit::GetNormalizedName(std::string&, std::experimental::__ROOT::basic_string_view<char, std::char_traits<char> >) () from /cvmfs/sft.cern.ch/lcg/app/releases/ROOT/6.18.00/x86_64-centos7-gcc48-opt/lib/libCore.so.6.18
#9  0x00002ad7f9d405a2 in TClass::GetClass(char const*, bool, bool) () from /cvmfs/sft.cern.ch/lcg/app/releases/ROOT/6.18.00/x86_64-centos7-gcc48-opt/lib/libCore.so.6.18
#10 0x00002ad7f9d425f0 in TClass::AddRule(char const*) () from /cvmfs/sft.cern.ch/lcg/app/releases/ROOT/6.18.00/x86_64-centos7-gcc48-opt/lib/libCore.so.6.18
#11 0x00002ad7f9d427e1 in (anonymous namespace)::ReadRulesContent(_IO_FILE*) () from /cvmfs/sft.cern.ch/lcg/app/releases/ROOT/6.18.00/x86_64-centos7-gcc48-opt/lib/libCore.so.6.18
#12 0x00002ad7f9d429a7 in TClass::ReadRules() () from /cvmfs/sft.cern.ch/lcg/app/releases/ROOT/6.18.00/x86_64-centos7-gcc48-opt/lib/libCore.so.6.18
#13 0x00002ad7f9c56816 in TROOT::InitInterpreter() () from /cvmfs/sft.cern.ch/lcg/app/releases/ROOT/6.18.00/x86_64-centos7-gcc48-opt/lib/libCore.so.6.18
#14 0x00002ad7f9c56c76 in ROOT::Internal::GetROOT2() () from /cvmfs/sft.cern.ch/lcg/app/releases/ROOT/6.18.00/x86_64-centos7-gcc48-opt/lib/libCore.so.6.18
#15 0x00002ad7f80d9183 in PyROOT::InitRoot() () from /cvmfs/sft.cern.ch/lcg/app/releases/ROOT/6.18.00/x86_64-centos7-gcc48-opt/lib/libPyROOT.so
#16 0x00002ad7f80d50ec in initlibPyROOT () from /cvmfs/sft.cern.ch/lcg/app/releases/ROOT/6.18.00/x86_64-centos7-gcc48-opt/lib/libPyROOT.so
#17 0x00002ad7f660b21b in _PyImport_LoadDynamicModule (name=0x1af9c00 "libPyROOT", pathname=0x1afac10 "/cvmfs/sft.cern.ch/lcg/app/releases/ROOT/6.18.00/x86_64-centos7-gcc48-opt/lib/libPyROOT.so", fp=<optimized out>) at ./Python/importdl.c:53
#18 0x00002ad7f6608e01 in import_submodule (mod=mod
entry=0x2ad7f66b9e20 <_Py_NoneStruct>, subname=subname
entry=0x1af9c00 "libPyROOT", fullname=fullname
entry=0x1af9c00 "libPyROOT") at Python/import.c:2725
#19 0x00002ad7f6609b82 in load_next (p_buflen=<synthetic pointer>, buf=0x1af9c00 "libPyROOT", p_name=<synthetic pointer>, altmod=0x2ad7f66b9e20 <_Py_NoneStruct>, mod=0x2ad7f66b9e20 <_Py_NoneStruct>) at Python/import.c:2539
#20 import_module_level (locals=<optimized out>, level=<optimized out>, fromlist=0x2ad7f66b9e20 <_Py_NoneStruct>, globals=<optimized out>, name=<optimized out>) at Python/import.c:2247
#21 PyImport_ImportModuleLevel (name=0x2ad7f64ace34 "libPyROOT", globals=<optimized out>, locals=<optimized out>, fromlist=0x2ad7f66b9e20 <_Py_NoneStruct>, level=<optimized out>) at Python/import.c:2312
#22 0x00002ad7f65e9b44 in builtin___import__ (self=<optimized out>, args=<optimized out>, kwds=<optimized out>) at Python/bltinmodule.c:49
#23 0x00002ad7f653bf03 in PyObject_Call (func=func
entry=0x2ad7f633efc8, arg=arg
entry=0x2ad7f64ad520, kw=<optimized out>) at Objects/abstract.c:2547
#24 0x00002ad7f65eb587 in PyEval_CallObjectWithKeywords (func=func
entry=0x2ad7f633efc8, arg=arg
entry=0x2ad7f64ad520, kw=kw
entry=0x0) at Python/ceval.c:4226
#25 0x00002ad7f65ee4a0 in PyEval_EvalFrameEx (f=f
entry=0x2ad7f64237b0, throwflag=throwflag
entry=0) at Python/ceval.c:2628
#26 0x00002ad7f65f57b8 in PyEval_EvalCodeEx (co=co
entry=0x2ad7f64b6830, globals=globals
entry=0x2ad7f64a26e0, locals=locals
entry=0x2ad7f64a26e0, args=args
entry=0x0, argcount=argcount
entry=0, kws=kws
entry=0x0, kwcount=0, defs=0x0, defcount=0, closure=0x0) at Python/ceval.c:3589
#27 0x00002ad7f65f59c9 in PyEval_EvalCode (co=co
entry=0x2ad7f64b6830, globals=globals
entry=0x2ad7f64a26e0, locals=locals
entry=0x2ad7f64a26e0) at Python/ceval.c:669
#28 0x00002ad7f6607aec in PyImport_ExecCodeModuleEx (name=name
entry=0x1ad7c90 "cppyy", co=co
entry=0x2ad7f64b6830, pathname=pathname
entry=0x1ad9cb0 "/cvmfs/sft.cern.ch/lcg/app/releases/ROOT/6.18.00/x86_64-centos7-gcc48-opt/lib/cppyy.pyc") at Python/import.c:731
#29 0x00002ad7f6607d72 in load_source_module (name=0x1ad7c90 "cppyy", pathname=0x1ad9cb0 "/cvmfs/sft.cern.ch/lcg/app/releases/ROOT/6.18.00/x86_64-centos7-gcc48-opt/lib/cppyy.pyc", fp=<optimized out>) at Python/import.c:1121
#30 0x00002ad7f6608e01 in import_submodule (mod=mod
entry=0x2ad7f66b9e20 <_Py_NoneStruct>, subname=subname
entry=0x1ad7c90 "cppyy", fullname=fullname
entry=0x1ad7c90 "cppyy") at Python/import.c:2725
#31 0x00002ad7f6609b82 in load_next (p_buflen=<synthetic pointer>, buf=0x1ad7c90 "cppyy", p_name=<synthetic pointer>, altmod=0x2ad7f66b9e20 <_Py_NoneStruct>, mod=0x2ad7f66b9e20 <_Py_NoneStruct>) at Python/import.c:2539
#32 import_module_level (locals=<optimized out>, level=<optimized out>, fromlist=0x2ad7f66b9e20 <_Py_NoneStruct>, globals=<optimized out>, name=<optimized out>) at Python/import.c:2247
#33 PyImport_ImportModuleLevel (name=0x2ad7f649e414 "cppyy", globals=<optimized out>, locals=<optimized out>, fromlist=0x2ad7f66b9e20 <_Py_NoneStruct>, level=<optimized out>) at Python/import.c:2312
#34 0x00002ad7f65e9b44 in builtin___import__ (self=<optimized out>, args=<optimized out>, kwds=<optimized out>) at Python/bltinmodule.c:49
#35 0x00002ad7f653bf03 in PyObject_Call (func=func
entry=0x2ad7f633efc8, arg=arg
entry=0x2ad7f64ad310, kw=<optimized out>) at Objects/abstract.c:2547
#36 0x00002ad7f65eb587 in PyEval_CallObjectWithKeywords (func=func
entry=0x2ad7f633efc8, arg=arg
entry=0x2ad7f64ad310, kw=kw
entry=0x0) at Python/ceval.c:4226
#37 0x00002ad7f65ee4a0 in PyEval_EvalFrameEx (f=f
entry=0x2ad7f64b1050, throwflag=throwflag
entry=0) at Python/ceval.c:2628
#38 0x00002ad7f65f57b8 in PyEval_EvalCodeEx (co=co
entry=0x2ad7f64b42b0, globals=globals
entry=0x2ad7f64a2280, locals=locals
entry=0x2ad7f64a2280, args=args
entry=0x0, argcount=argcount
entry=0, kws=kws
entry=0x0, kwcount=0, defs=0x0, defcount=0, closure=0x0) at Python/ceval.c:3589
#39 0x00002ad7f65f59c9 in PyEval_EvalCode (co=co
entry=0x2ad7f64b42b0, globals=globals
entry=0x2ad7f64a2280, locals=locals
entry=0x2ad7f64a2280) at Python/ceval.c:669
#40 0x00002ad7f6607aec in PyImport_ExecCodeModuleEx (name=name
entry=0x1a72650 "ROOT", co=co
entry=0x2ad7f64b42b0, pathname=pathname
entry=0x1aafa20 "/cvmfs/sft.cern.ch/lcg/app/releases/ROOT/6.18.00/x86_64-centos7-gcc48-opt/lib/ROOT.pyc") at Python/import.c:731
#41 0x00002ad7f6607d72 in load_source_module (name=0x1a72650 "ROOT", pathname=0x1aafa20 "/cvmfs/sft.cern.ch/lcg/app/releases/ROOT/6.18.00/x86_64-centos7-gcc48-opt/lib/ROOT.pyc", fp=<optimized out>) at Python/import.c:1121
#42 0x00002ad7f6608e01 in import_submodule (mod=mod
entry=0x2ad7f66b9e20 <_Py_NoneStruct>, subname=subname
entry=0x1a72650 "ROOT", fullname=fullname
entry=0x1a72650 "ROOT") at Python/import.c:2725
#43 0x00002ad7f6609b82 in load_next (p_buflen=<synthetic pointer>, buf=0x1a72650 "ROOT", p_name=<synthetic pointer>, altmod=0x2ad7f66b9e20 <_Py_NoneStruct>, mod=0x2ad7f66b9e20 <_Py_NoneStruct>) at Python/import.c:2539
#44 import_module_level (locals=<optimized out>, level=<optimized out>, fromlist=0x2ad7f66b9e20 <_Py_NoneStruct>, globals=<optimized out>, name=<optimized out>) at Python/import.c:2247
#45 PyImport_ImportModuleLevel (name=0x2ad7f7428bc4 "ROOT", globals=<optimized out>, locals=<optimized out>, fromlist=0x2ad7f66b9e20 <_Py_NoneStruct>, level=<optimized out>) at Python/import.c:2312
#46 0x00002ad7f65e9b44 in builtin___import__ (self=<optimized out>, args=<optimized out>, kwds=<optimized out>) at Python/bltinmodule.c:49
#47 0x00002ad7f653bf03 in PyObject_Call (func=func
entry=0x2ad7f633efc8, arg=arg
entry=0x2ad7f6411d60, kw=<optimized out>) at Objects/abstract.c:2547
#48 0x00002ad7f65eb587 in PyEval_CallObjectWithKeywords (func=func
entry=0x2ad7f633efc8, arg=arg
entry=0x2ad7f6411d60, kw=kw
entry=0x0) at Python/ceval.c:4226
#49 0x00002ad7f65ee4a0 in PyEval_EvalFrameEx (f=f
entry=0x1a08830, throwflag=throwflag
entry=0) at Python/ceval.c:2628
#50 0x00002ad7f65f57b8 in PyEval_EvalCodeEx (co=co
entry=0x2ad7f6433730, globals=globals
entry=0x2ad7f6362168, locals=locals
entry=0x2ad7f6362168, args=args
entry=0x0, argcount=argcount
entry=0, kws=kws
entry=0x0, kwcount=0, defs=0x0, defcount=0, closure=0x0) at Python/ceval.c:3589
#51 0x00002ad7f65f59c9 in PyEval_EvalCode (co=co
entry=0x2ad7f6433730, globals=globals
entry=0x2ad7f6362168, locals=locals
entry=0x2ad7f6362168) at Python/ceval.c:669
#52 0x00002ad7f6617eda in run_mod (arena=0x1a252e0, flags=0x7fff40c6f7dc, locals=0x2ad7f6362168, globals=0x2ad7f6362168, filename=0x2ad7f6433730 "002", mod=<optimized out>) at Python/pythonrun.c:1385
#53 PyRun_FileExFlags (fp=fp
entry=0x1aa4600, filename=filename
entry=0x7fff40c70d96 "/afs/cern.ch/work/s/ssyedoma/JMARWTag/TempFit/CMSSW_10_2_13/bin/slc7_amd64_gcc700/text2workspace.py", start=start
entry=257, globals=globals
entry=0x2ad7f6362168, locals=locals
entry=0x2ad7f6362168, closeit=closeit
entry=1, flags=0x7fff40c6f7dc) at Python/pythonrun.c:1371
#54 0x00002ad7f6619cd3 in PyRun_SimpleFileExFlags (fp=fp
entry=0x1aa4600, filename=0x7fff40c70d96 "/afs/cern.ch/work/s/ssyedoma/JMARWTag/TempFit/CMSSW_10_2_13/bin/slc7_amd64_gcc700/text2workspace.py", closeit=closeit
entry=1, flags=flags
entry=0x7fff40c6f7dc) at Python/pythonrun.c:957
#55 0x00002ad7f661a333 in PyRun_AnyFileExFlags (fp=fp
entry=0x1aa4600, filename=<optimized out>, closeit=closeit
entry=1, flags=flags
entry=0x7fff40c6f7dc) at Python/pythonrun.c:761
#56 0x00002ad7f66328be in Py_Main (argc=<optimized out>, argv=<optimized out>) at Modules/main.c:645
#57 0x00002ad7f7049505 in __libc_start_main () from /lib64/libc.so.6
#58 0x000000000040066e in _start ()
===========================================================


