mkdir: cannot create directory '/eos/user/s/ssyedoma/JMARWTag/TempFit/hrtsf_2018/W_deepak8_tot_mist_rate_0p5': File exists
Error in <TFile::TFile>: file W_deepak8_JMAR_lowmed_pass.root does not exist
Error in <TFile::TFile>: file W_deepak8_JMAR_lowmed_fail.root does not exist
#0  0x00002ab65944a41c in waitpid () from /lib64/libc.so.6
#1  0x00002ab6593c7f12 in do_system () from /lib64/libc.so.6
#2  0x00002ab658d28a8b in TUnixSystem::StackTrace() () from /cvmfs/cms.cern.ch/slc7_amd64_gcc700/lcg/root/6.12.07-gnimlf5/lib/libCore.so
#3  0x00002ab65add7735 in cling::MultiplexInterpreterCallbacks::PrintStackTrace() () from /cvmfs/cms.cern.ch/slc7_amd64_gcc700/lcg/root/6.12.07-gnimlf5/lib/libCling.so
#4  0x00002ab65add71bb in cling_runtime_internal_throwIfInvalidPointer () from /cvmfs/cms.cern.ch/slc7_amd64_gcc700/lcg/root/6.12.07-gnimlf5/lib/libCling.so
#5  0x00002ab6589cf213 in ?? ()
#6  0x0000000000000000 in ?? ()
Error in <HandleInterpreterException>: Trying to dereference null pointer or trying to call routine taking non-null arguments.
Execution of your code was aborted.
In file included from input_line_10:1:
/afs/cern.ch/work/s/ssyedoma/JMARWTag/TempFit/CMSSW_10_2_13/src/hrtsf/hrtsf_2018/W_deepak8_tot_mist_rate_0p5/makeSFDatacard.C:5:30: warning: null passed to a callee that requires a non-null argument [-Wnonnull]
  TH1D  *h_obs_pass = (TH1D*)fpass->Get("data_obs");
                             ^~~~~
Warning in <TClassTable::Add>: class timespec already in TClassTable
Warning in <TClassTable::Add>: class reverse_iterator<__gnu_cxx::__normal_iterator<TString*,vector<TString> > > already in TClassTable
Warning in <TClassTable::Add>: class reverse_iterator<__gnu_cxx::__normal_iterator<string*,vector<string> > > already in TClassTable
Warning in <TClassTable::Add>: class reverse_iterator<__gnu_cxx::__normal_iterator<int*,vector<int> > > already in TClassTable
Warning in <TClassTable::Add>: class __gnu_cxx::__normal_iterator<char*,string> already in TClassTable
Warning in <TClassTable::Add>: class __gnu_cxx::__normal_iterator<const char*,string> already in TClassTable
Warning in <TClassTable::Add>: class __gnu_cxx::__normal_iterator<TString*,vector<TString> > already in TClassTable
Warning in <TClassTable::Add>: class __gnu_cxx::__normal_iterator<const TString*,vector<TString> > already in TClassTable
Warning in <TClassTable::Add>: class __gnu_cxx::__normal_iterator<string*,vector<string> > already in TClassTable
Warning in <TClassTable::Add>: class __gnu_cxx::__normal_iterator<const string*,vector<string> > already in TClassTable
Warning in <TClassTable::Add>: class __gnu_cxx::__normal_iterator<int*,vector<int> > already in TClassTable
Warning in <TClassTable::Add>: class __gnu_cxx::__normal_iterator<const int*,vector<int> > already in TClassTable
Warning in <TClassTable::Add>: class TVirtualIsAProxy already in TClassTable
Warning in <TClassTable::Add>: class TIsAProxy already in TClassTable
Warning in <TClassTable::Add>: class TStorage already in TClassTable
Warning in <TClassTable::Add>: class TObject already in TClassTable
Warning in <TClassTable::Add>: class TIterator already in TClassTable
Warning in <TClassTable::Add>: class TSubString already in TClassTable
Warning in <TClassTable::Add>: class TString already in TClassTable
Warning in <TClassTable::Add>: class TVirtualMutex already in TClassTable
Warning in <TClassTable::Add>: class TLockGuard already in TClassTable
Warning in <TClassTable::Add>: class ROOT::TVirtualRWMutex already in TClassTable
Warning in <TClassTable::Add>: class ROOT::TReadLockGuard already in TClassTable
Warning in <TClassTable::Add>: class ROOT::TWriteLockGuard already in TClassTable
Warning in <TClassTable::Add>: class TCollection already in TClassTable
Warning in <TClassTable::Add>: class TIter already in TClassTable
Warning in <TClassTable::Add>: class TSeqCollection already in TClassTable
Warning in <TClassTable::Add>: class TList already in TClassTable
Warning in <TClassTable::Add>: class TListIter already in TClassTable
Warning in <TClassTable::Add>: class TNamed already in TClassTable
Warning in <TClassTable::Add>: class TDictionary already in TClassTable
Warning in <TClassTable::Add>: class TInterpreter already in TClassTable
Warning in <TClassTable::Add>: class TQObject already in TClassTable
Warning in <TClassTable::Add>: class TQObjSender already in TClassTable
Warning in <TClassTable::Add>: class TApplicationImp already in TClassTable
Warning in <TClassTable::Add>: class TApplication already in TClassTable
Warning in <TClassTable::Add>: class TAtt3D already in TClassTable
Warning in <TClassTable::Add>: class TAttAxis already in TClassTable
Warning in <TClassTable::Add>: class TAttBBox already in TClassTable
Warning in <TClassTable::Add>: class SetWindowAttributes_t already in TClassTable
Warning in <TClassTable::Add>: class WindowAttributes_t already in TClassTable
Warning in <TClassTable::Add>: class Event_t already in TClassTable
Warning in <TClassTable::Add>: class GCValues_t already in TClassTable
Warning in <TClassTable::Add>: class ColorStruct_t already in TClassTable
Warning in <TClassTable::Add>: class PictureAttributes_t already in TClassTable
Warning in <TClassTable::Add>: class Segment_t already in TClassTable
Warning in <TClassTable::Add>: class Point_t already in TClassTable
Warning in <TClassTable::Add>: class Rectangle_t already in TClassTable
Warning in <TClassTable::Add>: class TAttBBox2D already in TClassTable
Warning in <TClassTable::Add>: class TAttFill already in TClassTable
Warning in <TClassTable::Add>: class TAttLine already in TClassTable
Warning in <TClassTable::Add>: class TAttMarker already in TClassTable
Warning in <TClassTable::Add>: class TAttPad already in TClassTable
Warning in <TClassTable::Add>: class TAttText already in TClassTable
Warning in <TClassTable::Add>: class TBase64 already in TClassTable
Warning in <TClassTable::Add>: class TStopwatch already in TClassTable
Warning in <TClassTable::Add>: class TBenchmark already in TClassTable
Warning in <TClassTable::Add>: class TBrowserImp already in TClassTable
Warning in <TClassTable::Add>: class TBrowser already in TClassTable
Warning in <TClassTable::Add>: class TBuffer already in TClassTable
Warning in <TClassTable::Add>: class TBuffer3D already in TClassTable
Warning in <TClassTable::Add>: class TCanvasImp already in TClassTable
Warning in <TClassTable::Add>: class TArray already in TClassTable
Warning in <TClassTable::Add>: class TArrayI already in TClassTable
Warning in <TClassTable::Add>: class TColor already in TClassTable
Warning in <TClassTable::Add>: class TColorGradient already in TClassTable
Warning in <TClassTable::Add>: class TLinearGradient already in TClassTable
Warning in <TClassTable::Add>: class TRadialGradient already in TClassTable
Warning in <TClassTable::Add>: class TContextMenuImp already in TClassTable
Warning in <TClassTable::Add>: class TContextMenu already in TClassTable
Warning in <TClassTable::Add>: class TControlBarImp already in TClassTable
Warning in <TClassTable::Add>: class TDatime already in TClassTable
Warning in <TClassTable::Add>: class TUUID already in TClassTable
Warning in <TClassTable::Add>: class TDirectory already in TClassTable
Warning in <TClassTable::Add>: class TEnvRec already in TClassTable
Warning in <TClassTable::Add>: class TEnv already in TClassTable
Warning in <TClassTable::Add>: class TExec already in TClassTable
Warning in <TClassTable::Add>: class TFileCollection already in TClassTable
Warning in <TClassTable::Add>: class THashTable already in TClassTable
Warning in <TClassTable::Add>: class THashTableIter already in TClassTable
Warning in <TClassTable::Add>: class TMap already in TClassTable
Warning in <TClassTable::Add>: class TPair already in TClassTable
Warning in <TClassTable::Add>: class TMapIter already in TClassTable
Warning in <TClassTable::Add>: class TUrl already in TClassTable
Warning in <TClassTable::Add>: class TMD5 already in TClassTable
Warning in <TClassTable::Add>: class TObjString already in TClassTable
Warning in <TClassTable::Add>: class TFileInfo already in TClassTable
Warning in <TClassTable::Add>: class TFileInfoMeta already in TClassTable
Warning in <TClassTable::Add>: class TFolder already in TClassTable
Warning in <TClassTable::Add>: class TGuiFactory already in TClassTable
Warning in <TClassTable::Add>: class TInetAddress already in TClassTable
Warning in <TClassTable::Add>: class TInspectorImp already in TClassTable
Warning in <TClassTable::Add>: class TMacro already in TClassTable
Warning in <TClassTable::Add>: class TMemberInspector already in TClassTable
Warning in <TClassTable::Add>: class TMessageHandler already in TClassTable
Warning in <TClassTable::Add>: class TObjectSpy already in TClassTable
Warning in <TClassTable::Add>: class TObjectRefSpy already in TClassTable
Warning in <TClassTable::Add>: class TPRegexp already in TClassTable
Warning in <TClassTable::Add>: class TPMERegexp already in TClassTable
Warning in <TClassTable::Add>: class TStringToken already in TClassTable
Warning in <TClassTable::Add>: class TObjArray already in TClassTable
Warning in <TClassTable::Add>: class TObjArrayIter already in TClassTable
Warning in <TClassTable::Add>: class TClass already in TClassTable
Warning in <TClassTable::Add>: class TROOT already in TClassTable
Warning in <TClassTable::Add>: class TParameter<bool> already in TClassTable
Warning in <TClassTable::Add>: class TParameter<Long64_t> already in TClassTable
Warning in <TClassTable::Add>: class TParameter<long> already in TClassTable
Warning in <TClassTable::Add>: class TParameter<int> already in TClassTable
Warning in <TClassTable::Add>: class TParameter<double> already in TClassTable
Warning in <TClassTable::Add>: class TParameter<float> already in TClassTable
Warning in <TClassTable::Add>: class TMethodCall already in TClassTable
Warning in <TClassTable::Add>: class TPluginHandler already in TClassTable
Warning in <TClassTable::Add>: class TPluginManager already in TClassTable
Warning in <TClassTable::Add>: class TPoint already in TClassTable
Warning in <TClassTable::Add>: class TProcessID already in TClassTable
Warning in <TClassTable::Add>: class TProcessUUID already in TClassTable
Warning in <TClassTable::Add>: class TQClass already in TClassTable
Warning in <TClassTable::Add>: class TQCommand already in TClassTable
Warning in <TClassTable::Add>: class TQUndoManager already in TClassTable
Warning in <TClassTable::Add>: class TQConnection already in TClassTable
Warning in <TClassTable::Add>: class TSysEvtHandler already in TClassTable
Warning in <TClassTable::Add>: class TFileHandler already in TClassTable
Warning in <TClassTable::Add>: class TSignalHandler already in TClassTable
Warning in <TClassTable::Add>: class TStdExceptionHandler already in TClassTable
Warning in <TClassTable::Add>: class TTime already in TClassTable
Warning in <TClassTable::Add>: class TTimer already in TClassTable
Warning in <TClassTable::Add>: class FileStat_t already in TClassTable
Warning in <TClassTable::Add>: class UserGroup_t already in TClassTable
Warning in <TClassTable::Add>: class SysInfo_t already in TClassTable
Warning in <TClassTable::Add>: class CpuInfo_t already in TClassTable
Warning in <TClassTable::Add>: class MemInfo_t already in TClassTable
Warning in <TClassTable::Add>: class ProcInfo_t already in TClassTable
Warning in <TClassTable::Add>: class RedirectHandle_t already in TClassTable
Warning in <TClassTable::Add>: class TProcessEventTimer already in TClassTable
Warning in <TClassTable::Add>: class TSystem already in TClassTable
Warning in <TClassTable::Add>: class TRedirectOutputGuard already in TClassTable
Warning in <TClassTable::Add>: class TRef already in TClassTable
Warning in <TClassTable::Add>: class TRefCnt already in TClassTable
Warning in <TClassTable::Add>: class TRegexp already in TClassTable
Warning in <TClassTable::Add>: class TSystemFile already in TClassTable
Warning in <TClassTable::Add>: class TSystemDirectory already in TClassTable
Warning in <TClassTable::Add>: class TRemoteObject already in TClassTable
Warning in <TClassTable::Add>: class TRootIOCtor already in TClassTable
Warning in <TClassTable::Add>: class TStringLong already in TClassTable
Warning in <TClassTable::Add>: class TStyle already in TClassTable
Warning in <TClassTable::Add>: class TTask already in TClassTable
Warning in <TClassTable::Add>: class TTimeStamp already in TClassTable
Warning in <TClassTable::Add>: class TUri already in TClassTable
Warning in <TClassTable::Add>: class TVirtualAuth already in TClassTable
Warning in <TClassTable::Add>: class TVirtualFFT already in TClassTable
Warning in <TClassTable::Add>: class TVirtualGLPainter already in TClassTable
Warning in <TClassTable::Add>: class TVirtualGLManip already in TClassTable
Warning in <TClassTable::Add>: class TGLManager already in TClassTable
Warning in <TClassTable::Add>: class TGLPaintDevice already in TClassTable
Warning in <TClassTable::Add>: class TVirtualMonitoringWriter already in TClassTable
Warning in <TClassTable::Add>: class TVirtualMonitoringReader already in TClassTable
Warning in <TClassTable::Add>: class TVirtualPS already in TClassTable
Warning in <TClassTable::Add>: class TVirtualX already in TClassTable
Warning in <TClassTable::Add>: class TVirtualPad already in TClassTable
Warning in <TClassTable::Add>: class TVirtualPadEditor already in TClassTable
Warning in <TClassTable::Add>: class TVirtualPadPainter already in TClassTable
Warning in <TClassTable::Add>: class TVirtualPerfStats already in TClassTable
Warning in <TClassTable::Add>: class TVirtualTableInterface already in TClassTable
Warning in <TClassTable::Add>: class TVirtualViewer3D already in TClassTable
Warning in <TClassTable::Add>: class TArrayC already in TClassTable
Warning in <TClassTable::Add>: class TArrayD already in TClassTable
Warning in <TClassTable::Add>: class TArrayF already in TClassTable
Warning in <TClassTable::Add>: class TArrayL already in TClassTable
Warning in <TClassTable::Add>: class TArrayL64 already in TClassTable
Warning in <TClassTable::Add>: class TArrayS already in TClassTable
Warning in <TClassTable::Add>: class TBits already in TClassTable
Warning in <TClassTable::Add>: class TBits::TReference already in TClassTable
Warning in <TClassTable::Add>: class TBtree already in TClassTable
Warning in <TClassTable::Add>: class TBtreeIter already in TClassTable
Warning in <TClassTable::Add>: class TClassTable already in TClassTable
Warning in <TClassTable::Add>: class TClonesArray already in TClassTable
Warning in <TClassTable::Add>: class TExMap already in TClassTable
Warning in <TClassTable::Add>: class TExMapIter already in TClassTable
Warning in <TClassTable::Add>: class THashList already in TClassTable
Warning in <TClassTable::Add>: class TObjectTable already in TClassTable
Warning in <TClassTable::Add>: class TOrdCollection already in TClassTable
Warning in <TClassTable::Add>: class TOrdCollectionIter already in TClassTable
Warning in <TClassTable::Add>: class TRefArray already in TClassTable
Warning in <TClassTable::Add>: class TRefArrayIter already in TClassTable
Warning in <TClassTable::Add>: class TRefTable already in TClassTable
Warning in <TClassTable::Add>: class TSortedList already in TClassTable
Warning in <TClassTable::Add>: class TClassRef already in TClassTable
Warning in <TClassTable::Add>: class TDataType already in TClassTable
Warning in <TClassTable::Add>: class TVirtualCollectionProxy already in TClassTable
Warning in <TClassTable::Add>: class TUnixSystem already in TClassTable
Warning in <TClassTable::Add>: class TBaseClass already in TClassTable
Warning in <TClassTable::Add>: class TClassGenerator already in TClassTable
Warning in <TClassTable::Add>: class TClassMenuItem already in TClassTable
Warning in <TClassTable::Add>: class TClassStreamer already in TClassTable
Warning in <TClassTable::Add>: class TDataMember already in TClassTable
Warning in <TClassTable::Add>: class TOptionListItem already in TClassTable
Warning in <TClassTable::Add>: class TDictAttributeMap already in TClassTable
Warning in <TClassTable::Add>: class TEnum already in TClassTable
Warning in <TClassTable::Add>: class TGlobal already in TClassTable
Warning in <TClassTable::Add>: class TEnumConstant already in TClassTable
Warning in <TClassTable::Add>: class TFileMergeInfo already in TClassTable
Warning in <TClassTable::Add>: class TFunction already in TClassTable
Warning in <TClassTable::Add>: class TFunctionTemplate already in TClassTable
Warning in <TClassTable::Add>: class TListOfDataMembers already in TClassTable
Warning in <TClassTable::Add>: class TListOfEnums already in TClassTable
Warning in <TClassTable::Add>: class TListOfEnumsWithLock already in TClassTable
Warning in <TClassTable::Add>: class TListOfEnumsWithLockIter already in TClassTable
Warning in <TClassTable::Add>: class TListOfFunctionTemplates already in TClassTable
Warning in <TClassTable::Add>: class TListOfFunctions already in TClassTable
Warning in <TClassTable::Add>: class TListOfFunctionsIter already in TClassTable
Warning in <TClassTable::Add>: class TMemberStreamer already in TClassTable
Warning in <TClassTable::Add>: class TMethod already in TClassTable
Warning in <TClassTable::Add>: class TMethodArg already in TClassTable
Warning in <TClassTable::Add>: class TProtoClass already in TClassTable
Warning in <TClassTable::Add>: class TProtoClass::TProtoRealData already in TClassTable
Warning in <TClassTable::Add>: class TRealData already in TClassTable
Warning in <TClassTable::Add>: class ROOT::TSchemaRule already in TClassTable
Warning in <TClassTable::Add>: class ROOT::TSchemaRule::TSources already in TClassTable
Warning in <TClassTable::Add>: class ROOT::Detail::TSchemaRuleSet already in TClassTable
Warning in <TClassTable::Add>: class ROOT::Detail::TStatusBitsChecker already in TClassTable
Warning in <TClassTable::Add>: class TStreamerElement already in TClassTable
Warning in <TClassTable::Add>: class TStreamerBase already in TClassTable
Warning in <TClassTable::Add>: class TStreamerBasicPointer already in TClassTable
Warning in <TClassTable::Add>: class TStreamerLoop already in TClassTable
Warning in <TClassTable::Add>: class TStreamerBasicType already in TClassTable
Warning in <TClassTable::Add>: class TStreamerObject already in TClassTable
Warning in <TClassTable::Add>: class TStreamerObjectAny already in TClassTable
Warning in <TClassTable::Add>: class TStreamerObjectPointer already in TClassTable
Warning in <TClassTable::Add>: class TStreamerObjectAnyPointer already in TClassTable
Warning in <TClassTable::Add>: class TStreamerString already in TClassTable
Warning in <TClassTable::Add>: class TStreamerSTL already in TClassTable
Warning in <TClassTable::Add>: class TStreamerSTLstring already in TClassTable
Warning in <TClassTable::Add>: class TStreamerArtificial already in TClassTable
Warning in <TClassTable::Add>: class TToggle already in TClassTable
Warning in <TClassTable::Add>: class TToggleGroup already in TClassTable
Warning in <TClassTable::Add>: class TVirtualStreamerInfo already in TClassTable
Warning in <TClassTable::Add>: class TAtomicCount already in TClassTable
Warning in <TClassTable::Add>: class TConditionImp already in TClassTable
Warning in <TClassTable::Add>: class TCondition already in TClassTable
Warning in <TClassTable::Add>: class TMutexImp already in TClassTable
Warning in <TClassTable::Add>: class TMutex already in TClassTable
Warning in <TClassTable::Add>: class TRWLock already in TClassTable
Warning in <TClassTable::Add>: class ROOT::TSpinMutex already in TClassTable
Warning in <TClassTable::Add>: class TSemaphore already in TClassTable
Warning in <TClassTable::Add>: class TThread already in TClassTable
Warning in <TClassTable::Add>: class TThreadFactory already in TClassTable
Warning in <TClassTable::Add>: class TThreadImp already in TClassTable
Warning in <TClassTable::Add>: class TPosixCondition already in TClassTable
Warning in <TClassTable::Add>: class TPosixMutex already in TClassTable
Warning in <TClassTable::Add>: class TPosixThread already in TClassTable
Warning in <TClassTable::Add>: class TPosixThreadFactory already in TClassTable
Warning in <TClassTable::Add>: class TArchiveFile already in TClassTable
Warning in <TClassTable::Add>: class TArchiveMember already in TClassTable
Warning in <TClassTable::Add>: class TBufferFile already in TClassTable
Warning in <TClassTable::Add>: class TBufferJSON already in TClassTable
Warning in <TClassTable::Add>: class TGenCollectionProxy already in TClassTable
Warning in <TClassTable::Add>: class TGenCollectionProxy::Value already in TClassTable
Warning in <TClassTable::Add>: class TGenCollectionProxy::Method already in TClassTable
Warning in <TClassTable::Add>: class TCollectionProxyFactory already in TClassTable
Warning in <TClassTable::Add>: class TCollectionStreamer already in TClassTable
Warning in <TClassTable::Add>: class TCollectionClassStreamer already in TClassTable
Warning in <TClassTable::Add>: class TCollectionMemberStreamer already in TClassTable
Warning in <TClassTable::Add>: class TDirectoryFile already in TClassTable
Warning in <TClassTable::Add>: class TEmulatedCollectionProxy already in TClassTable
Warning in <TClassTable::Add>: class TEmulatedMapProxy already in TClassTable
Warning in <TClassTable::Add>: class TFPBlock already in TClassTable
Warning in <TClassTable::Add>: class TFile already in TClassTable
Warning in <TClassTable::Add>: class TFileCacheRead already in TClassTable
Warning in <TClassTable::Add>: class TFileCacheWrite already in TClassTable
Warning in <TClassTable::Add>: class TFileMerger already in TClassTable
Warning in <TClassTable::Add>: class TFilePrefetch already in TClassTable
Warning in <TClassTable::Add>: class TFree already in TClassTable
Warning in <TClassTable::Add>: class TKey already in TClassTable
Warning in <TClassTable::Add>: class TKeyMapFile already in TClassTable
Warning in <TClassTable::Add>: class TLockFile already in TClassTable
Warning in <TClassTable::Add>: class TMapFile already in TClassTable
Warning in <TClassTable::Add>: class TMapRec already in TClassTable
Warning in <TClassTable::Add>: class TMemFile already in TClassTable
Warning in <TClassTable::Add>: class TStreamerInfo already in TClassTable
Warning in <TClassTable::Add>: class TStreamerInfoActions::TConfiguration already in TClassTable
Warning in <TClassTable::Add>: class TStreamerInfoActions::TConfiguredAction already in TClassTable
Warning in <TClassTable::Add>: class TStreamerInfoActions::TActionSequence already in TClassTable
Warning in <TClassTable::Add>: class TVirtualArray already in TClassTable
Warning in <TClassTable::Add>: class TVirtualObject already in TClassTable
Warning in <TClassTable::Add>: class TZIPFile already in TClassTable
Warning in <TClassTable::Add>: class TZIPMember already in TClassTable
Warning in <TClassTable::Add>: class ROOT::Experimental::TBufferMerger already in TClassTable
Warning in <TClassTable::Add>: class ROOT::Experimental::TBufferMergerFile already in TClassTable
<built-in>:9:9: warning: '__CLING__GNUC__' macro redefined [-Wmacro-redefined]
#define __CLING__GNUC__ 7
        ^
<built-in>:371:9: note: previous definition is here
#define __CLING__GNUC__ 4
        ^
<built-in>:10:9: warning: '__CLING__GNUC_MINOR__' macro redefined [-Wmacro-redefined]
#define __CLING__GNUC_MINOR__ 3
        ^
<built-in>:372:9: note: previous definition is here
#define __CLING__GNUC_MINOR__ 8
        ^
fatal error: malformed or corrupted AST file: 'declaration ID out-of-range for AST file'
Warning in cling::IncrementalParser::CheckABICompatibility():
  Possible C++ standard library mismatch, compiled with __GLIBCXX__ '20180127'
  Extraction of runtime standard library version was: '20150623'

 *** Break *** segmentation violation



===========================================================
There was a crash.
This is the entire stack trace of all threads:
===========================================================
#0  0x00002b50363a041c in waitpid () from /lib64/libc.so.6
#1  0x00002b503631df12 in do_system () from /lib64/libc.so.6
#2  0x00002b50390469f4 in TUnixSystem::StackTrace() () from /cvmfs/sft.cern.ch/lcg/app/releases/ROOT/6.18.00/x86_64-centos7-gcc48-opt/lib/libCore.so.6.18
#3  0x00002b503904912c in TUnixSystem::DispatchSignals(ESignals) () from /cvmfs/sft.cern.ch/lcg/app/releases/ROOT/6.18.00/x86_64-centos7-gcc48-opt/lib/libCore.so.6.18
#4  <signal handler called>
#5  0x00002b503b832888 in TClingLookupHelper__ExistingTypeCheck(std::__cxx11::basic_string<char, std::char_traits<char>, std::allocator<char> > const&, std::__cxx11::basic_string<char, std::char_traits<char>, std::allocator<char> >&) () from /cvmfs/cms.cern.ch/slc7_amd64_gcc700/cms/cmssw/CMSSW_10_2_13/external/slc7_amd64_gcc700/lib/libCling.so
#6  0x00002b5038fd5773 in ResolveTypedefImpl(char const*, unsigned int, unsigned int&, bool&, std::string&) () from /cvmfs/sft.cern.ch/lcg/app/releases/ROOT/6.18.00/x86_64-centos7-gcc48-opt/lib/libCore.so.6.18
#7  0x00002b5038fd6fec in TClassEdit::ResolveTypedef(char const*, bool) () from /cvmfs/sft.cern.ch/lcg/app/releases/ROOT/6.18.00/x86_64-centos7-gcc48-opt/lib/libCore.so.6.18
#8  0x00002b5038fdb219 in TClassEdit::TSplitType::ShortType(std::string&, int) () from /cvmfs/sft.cern.ch/lcg/app/releases/ROOT/6.18.00/x86_64-centos7-gcc48-opt/lib/libCore.so.6.18
#9  0x00002b5038fd9ceb in TClassEdit::GetNormalizedName(std::string&, std::experimental::__ROOT::basic_string_view<char, std::char_traits<char> >) () from /cvmfs/sft.cern.ch/lcg/app/releases/ROOT/6.18.00/x86_64-centos7-gcc48-opt/lib/libCore.so.6.18
#10 0x00002b5038ff45a2 in TClass::GetClass(char const*, bool, bool) () from /cvmfs/sft.cern.ch/lcg/app/releases/ROOT/6.18.00/x86_64-centos7-gcc48-opt/lib/libCore.so.6.18
#11 0x00002b5038ff65f0 in TClass::AddRule(char const*) () from /cvmfs/sft.cern.ch/lcg/app/releases/ROOT/6.18.00/x86_64-centos7-gcc48-opt/lib/libCore.so.6.18
#12 0x00002b5038ff67e1 in (anonymous namespace)::ReadRulesContent(_IO_FILE*) () from /cvmfs/sft.cern.ch/lcg/app/releases/ROOT/6.18.00/x86_64-centos7-gcc48-opt/lib/libCore.so.6.18
#13 0x00002b5038ff69a7 in TClass::ReadRules() () from /cvmfs/sft.cern.ch/lcg/app/releases/ROOT/6.18.00/x86_64-centos7-gcc48-opt/lib/libCore.so.6.18
#14 0x00002b5038f0a816 in TROOT::InitInterpreter() () from /cvmfs/sft.cern.ch/lcg/app/releases/ROOT/6.18.00/x86_64-centos7-gcc48-opt/lib/libCore.so.6.18
#15 0x00002b5038f0ac76 in ROOT::Internal::GetROOT2() () from /cvmfs/sft.cern.ch/lcg/app/releases/ROOT/6.18.00/x86_64-centos7-gcc48-opt/lib/libCore.so.6.18
#16 0x00002b503738d183 in PyROOT::InitRoot() () from /cvmfs/sft.cern.ch/lcg/app/releases/ROOT/6.18.00/x86_64-centos7-gcc48-opt/lib/libPyROOT.so
#17 0x00002b50373890ec in initlibPyROOT () from /cvmfs/sft.cern.ch/lcg/app/releases/ROOT/6.18.00/x86_64-centos7-gcc48-opt/lib/libPyROOT.so
#18 0x00002b50358bf21b in _PyImport_LoadDynamicModule (name=0x616c00 "libPyROOT", pathname=0x617c10 "/cvmfs/sft.cern.ch/lcg/app/releases/ROOT/6.18.00/x86_64-centos7-gcc48-opt/lib/libPyROOT.so", fp=<optimized out>) at ./Python/importdl.c:53
#19 0x00002b50358bce01 in import_submodule (mod=mod
entry=0x2b503596de20 <_Py_NoneStruct>, subname=subname
entry=0x616c00 "libPyROOT", fullname=fullname
entry=0x616c00 "libPyROOT") at Python/import.c:2725
#20 0x00002b50358bdb82 in load_next (p_buflen=<synthetic pointer>, buf=0x616c00 "libPyROOT", p_name=<synthetic pointer>, altmod=0x2b503596de20 <_Py_NoneStruct>, mod=0x2b503596de20 <_Py_NoneStruct>) at Python/import.c:2539
#21 import_module_level (locals=<optimized out>, level=<optimized out>, fromlist=0x2b503596de20 <_Py_NoneStruct>, globals=<optimized out>, name=<optimized out>) at Python/import.c:2247
#22 PyImport_ImportModuleLevel (name=0x2b5035760f84 "libPyROOT", globals=<optimized out>, locals=<optimized out>, fromlist=0x2b503596de20 <_Py_NoneStruct>, level=<optimized out>) at Python/import.c:2312
#23 0x00002b503589db44 in builtin___import__ (self=<optimized out>, args=<optimized out>, kwds=<optimized out>) at Python/bltinmodule.c:49
#24 0x00002b50357eff03 in PyObject_Call (func=func
entry=0x2b50355f2fc8, arg=arg
entry=0x2b5035761520, kw=<optimized out>) at Objects/abstract.c:2547
#25 0x00002b503589f587 in PyEval_CallObjectWithKeywords (func=func
entry=0x2b50355f2fc8, arg=arg
entry=0x2b5035761520, kw=kw
entry=0x0) at Python/ceval.c:4226
#26 0x00002b50358a24a0 in PyEval_EvalFrameEx (f=f
entry=0x2b50356d77b0, throwflag=throwflag
entry=0) at Python/ceval.c:2628
#27 0x00002b50358a97b8 in PyEval_EvalCodeEx (co=co
entry=0x2b503576a830, globals=globals
entry=0x2b50357566e0, locals=locals
entry=0x2b50357566e0, args=args
entry=0x0, argcount=argcount
entry=0, kws=kws
entry=0x0, kwcount=0, defs=0x0, defcount=0, closure=0x0) at Python/ceval.c:3589
#28 0x00002b50358a99c9 in PyEval_EvalCode (co=co
entry=0x2b503576a830, globals=globals
entry=0x2b50357566e0, locals=locals
entry=0x2b50357566e0) at Python/ceval.c:669
#29 0x00002b50358bbaec in PyImport_ExecCodeModuleEx (name=name
entry=0x5f4c90 "cppyy", co=co
entry=0x2b503576a830, pathname=pathname
entry=0x5f6cb0 "/cvmfs/sft.cern.ch/lcg/app/releases/ROOT/6.18.00/x86_64-centos7-gcc48-opt/lib/cppyy.pyc") at Python/import.c:731
#30 0x00002b50358bbd72 in load_source_module (name=0x5f4c90 "cppyy", pathname=0x5f6cb0 "/cvmfs/sft.cern.ch/lcg/app/releases/ROOT/6.18.00/x86_64-centos7-gcc48-opt/lib/cppyy.pyc", fp=<optimized out>) at Python/import.c:1121
#31 0x00002b50358bce01 in import_submodule (mod=mod
entry=0x2b503596de20 <_Py_NoneStruct>, subname=subname
entry=0x5f4c90 "cppyy", fullname=fullname
entry=0x5f4c90 "cppyy") at Python/import.c:2725
#32 0x00002b50358bdb82 in load_next (p_buflen=<synthetic pointer>, buf=0x5f4c90 "cppyy", p_name=<synthetic pointer>, altmod=0x2b503596de20 <_Py_NoneStruct>, mod=0x2b503596de20 <_Py_NoneStruct>) at Python/import.c:2539
#33 import_module_level (locals=<optimized out>, level=<optimized out>, fromlist=0x2b503596de20 <_Py_NoneStruct>, globals=<optimized out>, name=<optimized out>) at Python/import.c:2247
#34 PyImport_ImportModuleLevel (name=0x2b5035751564 "cppyy", globals=<optimized out>, locals=<optimized out>, fromlist=0x2b503596de20 <_Py_NoneStruct>, level=<optimized out>) at Python/import.c:2312
#35 0x00002b503589db44 in builtin___import__ (self=<optimized out>, args=<optimized out>, kwds=<optimized out>) at Python/bltinmodule.c:49
#36 0x00002b50357eff03 in PyObject_Call (func=func
entry=0x2b50355f2fc8, arg=arg
entry=0x2b5035761310, kw=<optimized out>) at Objects/abstract.c:2547
#37 0x00002b503589f587 in PyEval_CallObjectWithKeywords (func=func
entry=0x2b50355f2fc8, arg=arg
entry=0x2b5035761310, kw=kw
entry=0x0) at Python/ceval.c:4226
#38 0x00002b50358a24a0 in PyEval_EvalFrameEx (f=f
entry=0x2b5035765050, throwflag=throwflag
entry=0) at Python/ceval.c:2628
#39 0x00002b50358a97b8 in PyEval_EvalCodeEx (co=co
entry=0x2b50357682b0, globals=globals
entry=0x2b5035756280, locals=locals
entry=0x2b5035756280, args=args
entry=0x0, argcount=argcount
entry=0, kws=kws
entry=0x0, kwcount=0, defs=0x0, defcount=0, closure=0x0) at Python/ceval.c:3589
#40 0x00002b50358a99c9 in PyEval_EvalCode (co=co
entry=0x2b50357682b0, globals=globals
entry=0x2b5035756280, locals=locals
entry=0x2b5035756280) at Python/ceval.c:669
#41 0x00002b50358bbaec in PyImport_ExecCodeModuleEx (name=name
entry=0x58f650 "ROOT", co=co
entry=0x2b50357682b0, pathname=pathname
entry=0x5cca20 "/cvmfs/sft.cern.ch/lcg/app/releases/ROOT/6.18.00/x86_64-centos7-gcc48-opt/lib/ROOT.pyc") at Python/import.c:731
#42 0x00002b50358bbd72 in load_source_module (name=0x58f650 "ROOT", pathname=0x5cca20 "/cvmfs/sft.cern.ch/lcg/app/releases/ROOT/6.18.00/x86_64-centos7-gcc48-opt/lib/ROOT.pyc", fp=<optimized out>) at Python/import.c:1121
#43 0x00002b50358bce01 in import_submodule (mod=mod
entry=0x2b503596de20 <_Py_NoneStruct>, subname=subname
entry=0x58f650 "ROOT", fullname=fullname
entry=0x58f650 "ROOT") at Python/import.c:2725
#44 0x00002b50358bdb82 in load_next (p_buflen=<synthetic pointer>, buf=0x58f650 "ROOT", p_name=<synthetic pointer>, altmod=0x2b503596de20 <_Py_NoneStruct>, mod=0x2b503596de20 <_Py_NoneStruct>) at Python/import.c:2539
#45 import_module_level (locals=<optimized out>, level=<optimized out>, fromlist=0x2b503596de20 <_Py_NoneStruct>, globals=<optimized out>, name=<optimized out>) at Python/import.c:2247
#46 PyImport_ImportModuleLevel (name=0x2b50366dcd14 "ROOT", globals=<optimized out>, locals=<optimized out>, fromlist=0x2b503596de20 <_Py_NoneStruct>, level=<optimized out>) at Python/import.c:2312
#47 0x00002b503589db44 in builtin___import__ (self=<optimized out>, args=<optimized out>, kwds=<optimized out>) at Python/bltinmodule.c:49
#48 0x00002b50357eff03 in PyObject_Call (func=func
entry=0x2b50355f2fc8, arg=arg
entry=0x2b50356c5d60, kw=<optimized out>) at Objects/abstract.c:2547
#49 0x00002b503589f587 in PyEval_CallObjectWithKeywords (func=func
entry=0x2b50355f2fc8, arg=arg
entry=0x2b50356c5d60, kw=kw
entry=0x0) at Python/ceval.c:4226
#50 0x00002b50358a24a0 in PyEval_EvalFrameEx (f=f
entry=0x525830, throwflag=throwflag
entry=0) at Python/ceval.c:2628
#51 0x00002b50358a97b8 in PyEval_EvalCodeEx (co=co
entry=0x2b50356e7730, globals=globals
entry=0x2b5035616168, locals=locals
entry=0x2b5035616168, args=args
entry=0x0, argcount=argcount
entry=0, kws=kws
entry=0x0, kwcount=0, defs=0x0, defcount=0, closure=0x0) at Python/ceval.c:3589
#52 0x00002b50358a99c9 in PyEval_EvalCode (co=co
entry=0x2b50356e7730, globals=globals
entry=0x2b5035616168, locals=locals
entry=0x2b5035616168) at Python/ceval.c:669
#53 0x00002b50358cbeda in run_mod (arena=0x5422e0, flags=0x7ffc2544f1cc, locals=0x2b5035616168, globals=0x2b5035616168, filename=0x2b50356e7730 "\002", mod=<optimized out>) at Python/pythonrun.c:1385
#54 PyRun_FileExFlags (fp=fp
entry=0x5c1600, filename=filename
entry=0x7ffc25451ca1 "/afs/cern.ch/work/s/ssyedoma/JMARWTag/TempFit/CMSSW_10_2_13/bin/slc7_amd64_gcc700/text2workspace.py", start=start
entry=257, globals=globals
entry=0x2b5035616168, locals=locals
entry=0x2b5035616168, closeit=closeit
entry=1, flags=0x7ffc2544f1cc) at Python/pythonrun.c:1371
#55 0x00002b50358cdcd3 in PyRun_SimpleFileExFlags (fp=fp
entry=0x5c1600, filename=0x7ffc25451ca1 "/afs/cern.ch/work/s/ssyedoma/JMARWTag/TempFit/CMSSW_10_2_13/bin/slc7_amd64_gcc700/text2workspace.py", closeit=closeit
entry=1, flags=flags
entry=0x7ffc2544f1cc) at Python/pythonrun.c:957
#56 0x00002b50358ce333 in PyRun_AnyFileExFlags (fp=fp
entry=0x5c1600, filename=<optimized out>, closeit=closeit
entry=1, flags=flags
entry=0x7ffc2544f1cc) at Python/pythonrun.c:761
#57 0x00002b50358e68be in Py_Main (argc=<optimized out>, argv=<optimized out>) at Modules/main.c:645
#58 0x00002b50362fd505 in __libc_start_main () from /lib64/libc.so.6
#59 0x000000000040066e in _start ()
===========================================================


The lines below might hint at the cause of the crash.
You may get help by asking at the ROOT forum http://root.cern.ch/forum
Only if you are really convinced it is a bug in ROOT then please submit a
report at http://root.cern.ch/bugs Please post the ENTIRE stack trace
from above as an attachment in addition to anything else
that might help us fixing this issue.
===========================================================
#5  0x00002b503b832888 in TClingLookupHelper__ExistingTypeCheck(std::__cxx11::basic_string<char, std::char_traits<char>, std::allocator<char> > const&, std::__cxx11::basic_string<char, std::char_traits<char>, std::allocator<char> >&) () from /cvmfs/cms.cern.ch/slc7_amd64_gcc700/cms/cmssw/CMSSW_10_2_13/external/slc7_amd64_gcc700/lib/libCling.so
#6  0x00002b5038fd5773 in ResolveTypedefImpl(char const*, unsigned int, unsigned int&, bool&, std::string&) () from /cvmfs/sft.cern.ch/lcg/app/releases/ROOT/6.18.00/x86_64-centos7-gcc48-opt/lib/libCore.so.6.18
#7  0x00002b5038fd6fec in TClassEdit::ResolveTypedef(char const*, bool) () from /cvmfs/sft.cern.ch/lcg/app/releases/ROOT/6.18.00/x86_64-centos7-gcc48-opt/lib/libCore.so.6.18
#8  0x00002b5038fdb219 in TClassEdit::TSplitType::ShortType(std::string&, int) () from /cvmfs/sft.cern.ch/lcg/app/releases/ROOT/6.18.00/x86_64-centos7-gcc48-opt/lib/libCore.so.6.18
#9  0x00002b5038fd9ceb in TClassEdit::GetNormalizedName(std::string&, std::experimental::__ROOT::basic_string_view<char, std::char_traits<char> >) () from /cvmfs/sft.cern.ch/lcg/app/releases/ROOT/6.18.00/x86_64-centos7-gcc48-opt/lib/libCore.so.6.18
#10 0x00002b5038ff45a2 in TClass::GetClass(char const*, bool, bool) () from /cvmfs/sft.cern.ch/lcg/app/releases/ROOT/6.18.00/x86_64-centos7-gcc48-opt/lib/libCore.so.6.18
#11 0x00002b5038ff65f0 in TClass::AddRule(char const*) () from /cvmfs/sft.cern.ch/lcg/app/releases/ROOT/6.18.00/x86_64-centos7-gcc48-opt/lib/libCore.so.6.18
#12 0x00002b5038ff67e1 in (anonymous namespace)::ReadRulesContent(_IO_FILE*) () from /cvmfs/sft.cern.ch/lcg/app/releases/ROOT/6.18.00/x86_64-centos7-gcc48-opt/lib/libCore.so.6.18
#13 0x00002b5038ff69a7 in TClass::ReadRules() () from /cvmfs/sft.cern.ch/lcg/app/releases/ROOT/6.18.00/x86_64-centos7-gcc48-opt/lib/libCore.so.6.18
#14 0x00002b5038f0a816 in TROOT::InitInterpreter() () from /cvmfs/sft.cern.ch/lcg/app/releases/ROOT/6.18.00/x86_64-centos7-gcc48-opt/lib/libCore.so.6.18
#15 0x00002b5038f0ac76 in ROOT::Internal::GetROOT2() () from /cvmfs/sft.cern.ch/lcg/app/releases/ROOT/6.18.00/x86_64-centos7-gcc48-opt/lib/libCore.so.6.18
#16 0x00002b503738d183 in PyROOT::InitRoot() () from /cvmfs/sft.cern.ch/lcg/app/releases/ROOT/6.18.00/x86_64-centos7-gcc48-opt/lib/libPyROOT.so
#17 0x00002b50373890ec in initlibPyROOT () from /cvmfs/sft.cern.ch/lcg/app/releases/ROOT/6.18.00/x86_64-centos7-gcc48-opt/lib/libPyROOT.so
#18 0x00002b50358bf21b in _PyImport_LoadDynamicModule (name=0x616c00 "libPyROOT", pathname=0x617c10 "/cvmfs/sft.cern.ch/lcg/app/releases/ROOT/6.18.00/x86_64-centos7-gcc48-opt/lib/libPyROOT.so", fp=<optimized out>) at ./Python/importdl.c:53
#19 0x00002b50358bce01 in import_submodule (mod=mod
entry=0x2b503596de20 <_Py_NoneStruct>, subname=subname
entry=0x616c00 "libPyROOT", fullname=fullname
entry=0x616c00 "libPyROOT") at Python/import.c:2725
#20 0x00002b50358bdb82 in load_next (p_buflen=<synthetic pointer>, buf=0x616c00 "libPyROOT", p_name=<synthetic pointer>, altmod=0x2b503596de20 <_Py_NoneStruct>, mod=0x2b503596de20 <_Py_NoneStruct>) at Python/import.c:2539
#21 import_module_level (locals=<optimized out>, level=<optimized out>, fromlist=0x2b503596de20 <_Py_NoneStruct>, globals=<optimized out>, name=<optimized out>) at Python/import.c:2247
#22 PyImport_ImportModuleLevel (name=0x2b5035760f84 "libPyROOT", globals=<optimized out>, locals=<optimized out>, fromlist=0x2b503596de20 <_Py_NoneStruct>, level=<optimized out>) at Python/import.c:2312
#23 0x00002b503589db44 in builtin___import__ (self=<optimized out>, args=<optimized out>, kwds=<optimized out>) at Python/bltinmodule.c:49
#24 0x00002b50357eff03 in PyObject_Call (func=func
entry=0x2b50355f2fc8, arg=arg
entry=0x2b5035761520, kw=<optimized out>) at Objects/abstract.c:2547
#25 0x00002b503589f587 in PyEval_CallObjectWithKeywords (func=func
entry=0x2b50355f2fc8, arg=arg
entry=0x2b5035761520, kw=kw
entry=0x0) at Python/ceval.c:4226
#26 0x00002b50358a24a0 in PyEval_EvalFrameEx (f=f
entry=0x2b50356d77b0, throwflag=throwflag
entry=0) at Python/ceval.c:2628
#27 0x00002b50358a97b8 in PyEval_EvalCodeEx (co=co
entry=0x2b503576a830, globals=globals
entry=0x2b50357566e0, locals=locals
entry=0x2b50357566e0, args=args
entry=0x0, argcount=argcount
entry=0, kws=kws
entry=0x0, kwcount=0, defs=0x0, defcount=0, closure=0x0) at Python/ceval.c:3589
#28 0x00002b50358a99c9 in PyEval_EvalCode (co=co
entry=0x2b503576a830, globals=globals
entry=0x2b50357566e0, locals=locals
entry=0x2b50357566e0) at Python/ceval.c:669
#29 0x00002b50358bbaec in PyImport_ExecCodeModuleEx (name=name
entry=0x5f4c90 "cppyy", co=co
entry=0x2b503576a830, pathname=pathname
entry=0x5f6cb0 "/cvmfs/sft.cern.ch/lcg/app/releases/ROOT/6.18.00/x86_64-centos7-gcc48-opt/lib/cppyy.pyc") at Python/import.c:731
#30 0x00002b50358bbd72 in load_source_module (name=0x5f4c90 "cppyy", pathname=0x5f6cb0 "/cvmfs/sft.cern.ch/lcg/app/releases/ROOT/6.18.00/x86_64-centos7-gcc48-opt/lib/cppyy.pyc", fp=<optimized out>) at Python/import.c:1121
#31 0x00002b50358bce01 in import_submodule (mod=mod
entry=0x2b503596de20 <_Py_NoneStruct>, subname=subname
entry=0x5f4c90 "cppyy", fullname=fullname
entry=0x5f4c90 "cppyy") at Python/import.c:2725
#32 0x00002b50358bdb82 in load_next (p_buflen=<synthetic pointer>, buf=0x5f4c90 "cppyy", p_name=<synthetic pointer>, altmod=0x2b503596de20 <_Py_NoneStruct>, mod=0x2b503596de20 <_Py_NoneStruct>) at Python/import.c:2539
#33 import_module_level (locals=<optimized out>, level=<optimized out>, fromlist=0x2b503596de20 <_Py_NoneStruct>, globals=<optimized out>, name=<optimized out>) at Python/import.c:2247
#34 PyImport_ImportModuleLevel (name=0x2b5035751564 "cppyy", globals=<optimized out>, locals=<optimized out>, fromlist=0x2b503596de20 <_Py_NoneStruct>, level=<optimized out>) at Python/import.c:2312
#35 0x00002b503589db44 in builtin___import__ (self=<optimized out>, args=<optimized out>, kwds=<optimized out>) at Python/bltinmodule.c:49
#36 0x00002b50357eff03 in PyObject_Call (func=func
entry=0x2b50355f2fc8, arg=arg
entry=0x2b5035761310, kw=<optimized out>) at Objects/abstract.c:2547
#37 0x00002b503589f587 in PyEval_CallObjectWithKeywords (func=func
entry=0x2b50355f2fc8, arg=arg
entry=0x2b5035761310, kw=kw
entry=0x0) at Python/ceval.c:4226
#38 0x00002b50358a24a0 in PyEval_EvalFrameEx (f=f
entry=0x2b5035765050, throwflag=throwflag
entry=0) at Python/ceval.c:2628
#39 0x00002b50358a97b8 in PyEval_EvalCodeEx (co=co
entry=0x2b50357682b0, globals=globals
entry=0x2b5035756280, locals=locals
entry=0x2b5035756280, args=args
entry=0x0, argcount=argcount
entry=0, kws=kws
entry=0x0, kwcount=0, defs=0x0, defcount=0, closure=0x0) at Python/ceval.c:3589
#40 0x00002b50358a99c9 in PyEval_EvalCode (co=co
entry=0x2b50357682b0, globals=globals
entry=0x2b5035756280, locals=locals
entry=0x2b5035756280) at Python/ceval.c:669
#41 0x00002b50358bbaec in PyImport_ExecCodeModuleEx (name=name
entry=0x58f650 "ROOT", co=co
entry=0x2b50357682b0, pathname=pathname
entry=0x5cca20 "/cvmfs/sft.cern.ch/lcg/app/releases/ROOT/6.18.00/x86_64-centos7-gcc48-opt/lib/ROOT.pyc") at Python/import.c:731
#42 0x00002b50358bbd72 in load_source_module (name=0x58f650 "ROOT", pathname=0x5cca20 "/cvmfs/sft.cern.ch/lcg/app/releases/ROOT/6.18.00/x86_64-centos7-gcc48-opt/lib/ROOT.pyc", fp=<optimized out>) at Python/import.c:1121
#43 0x00002b50358bce01 in import_submodule (mod=mod
entry=0x2b503596de20 <_Py_NoneStruct>, subname=subname
entry=0x58f650 "ROOT", fullname=fullname
entry=0x58f650 "ROOT") at Python/import.c:2725
#44 0x00002b50358bdb82 in load_next (p_buflen=<synthetic pointer>, buf=0x58f650 "ROOT", p_name=<synthetic pointer>, altmod=0x2b503596de20 <_Py_NoneStruct>, mod=0x2b503596de20 <_Py_NoneStruct>) at Python/import.c:2539
#45 import_module_level (locals=<optimized out>, level=<optimized out>, fromlist=0x2b503596de20 <_Py_NoneStruct>, globals=<optimized out>, name=<optimized out>) at Python/import.c:2247
#46 PyImport_ImportModuleLevel (name=0x2b50366dcd14 "ROOT", globals=<optimized out>, locals=<optimized out>, fromlist=0x2b503596de20 <_Py_NoneStruct>, level=<optimized out>) at Python/import.c:2312
#47 0x00002b503589db44 in builtin___import__ (self=<optimized out>, args=<optimized out>, kwds=<optimized out>) at Python/bltinmodule.c:49
#48 0x00002b50357eff03 in PyObject_Call (func=func
entry=0x2b50355f2fc8, arg=arg
entry=0x2b50356c5d60, kw=<optimized out>) at Objects/abstract.c:2547
#49 0x00002b503589f587 in PyEval_CallObjectWithKeywords (func=func
entry=0x2b50355f2fc8, arg=arg
entry=0x2b50356c5d60, kw=kw
entry=0x0) at Python/ceval.c:4226
#50 0x00002b50358a24a0 in PyEval_EvalFrameEx (f=f
entry=0x525830, throwflag=throwflag
entry=0) at Python/ceval.c:2628
#51 0x00002b50358a97b8 in PyEval_EvalCodeEx (co=co
entry=0x2b50356e7730, globals=globals
entry=0x2b5035616168, locals=locals
entry=0x2b5035616168, args=args
entry=0x0, argcount=argcount
entry=0, kws=kws
entry=0x0, kwcount=0, defs=0x0, defcount=0, closure=0x0) at Python/ceval.c:3589
#52 0x00002b50358a99c9 in PyEval_EvalCode (co=co
entry=0x2b50356e7730, globals=globals
entry=0x2b5035616168, locals=locals
entry=0x2b5035616168) at Python/ceval.c:669
#53 0x00002b50358cbeda in run_mod (arena=0x5422e0, flags=0x7ffc2544f1cc, locals=0x2b5035616168, globals=0x2b5035616168, filename=0x2b50356e7730 "002", mod=<optimized out>) at Python/pythonrun.c:1385
#54 PyRun_FileExFlags (fp=fp
entry=0x5c1600, filename=filename
entry=0x7ffc25451ca1 "/afs/cern.ch/work/s/ssyedoma/JMARWTag/TempFit/CMSSW_10_2_13/bin/slc7_amd64_gcc700/text2workspace.py", start=start
entry=257, globals=globals
entry=0x2b5035616168, locals=locals
entry=0x2b5035616168, closeit=closeit
entry=1, flags=0x7ffc2544f1cc) at Python/pythonrun.c:1371
#55 0x00002b50358cdcd3 in PyRun_SimpleFileExFlags (fp=fp
entry=0x5c1600, filename=0x7ffc25451ca1 "/afs/cern.ch/work/s/ssyedoma/JMARWTag/TempFit/CMSSW_10_2_13/bin/slc7_amd64_gcc700/text2workspace.py", closeit=closeit
entry=1, flags=flags
entry=0x7ffc2544f1cc) at Python/pythonrun.c:957
#56 0x00002b50358ce333 in PyRun_AnyFileExFlags (fp=fp
entry=0x5c1600, filename=<optimized out>, closeit=closeit
entry=1, flags=flags
entry=0x7ffc2544f1cc) at Python/pythonrun.c:761
#57 0x00002b50358e68be in Py_Main (argc=<optimized out>, argv=<optimized out>) at Modules/main.c:645
#58 0x00002b50362fd505 in __libc_start_main () from /lib64/libc.so.6
#59 0x000000000040066e in _start ()
===========================================================


